5
1
4
36
61
79
110
0 5
0 15
0 16
0 21
0 22
0 23
0 26
0 27
0 35
0 40
0 46
0 64
0 70
0 78
0 87
0 90
0 98
2 98
3 98
5 98
6 98
7 98
8 98
9 98
10 98
11 98
12 98
13 98
14 98
15 98
16 98
17 98
18 98
19 98
20 98
21 98
22 98
23 98
24 98
25 98
26 98
27 98
28 98
29 98
30 98
31 98
32 98
33 98
34 98
35 98
37 98
38 98
39 98
40 58
40 98
41 98
42 98
43 98
44 98
45 98
46 98
47 98
48 98
49 98
50 98
51 98
52 98
53 98
54 98
55 98
56 98
57 98
59 98
60 98
62 98
63 98
64 98
65 98
66 98
67 98
68 98
69 98
70 98
71 98
72 98
73 98
74 98
75 98
76 98
77 98
78 98
80 98
81 98
82 98
83 98
84 98
85 96
85 98
86 98
87 98
88 98
89 98
90 98
91 98
92 98
93 98
94 98
95 98
96 98
97 98
