5
51
87
89
90
91
110
0 4
0 6
0 9
0 10
0 11
0 12
0 13
0 15
0 17
0 19
0 20
0 23
0 24
0 25
0 32
0 34
0 35
0 37
0 38
0 40
0 42
0 43
0 44
0 45
0 47
0 48
0 49
0 52
0 53
0 55
0 57
0 58
0 59
0 61
0 64
0 66
0 68
0 71
0 72
0 74
0 78
0 80
0 82
0 83
0 86
0 88
0 92
0 93
0 95
0 97
0 98
0 99
3 99
6 99
8 99
9 99
11 99
12 99
13 99
15 99
16 99
18 99
20 99
21 99
22 99
23 99
25 99
26 99
27 99
28 99
29 99
30 99
31 99
32 99
34 99
36 99
38 99
39 99
42 99
43 99
44 99
45 99
49 99
53 99
54 99
57 99
59 99
62 99
63 99
65 99
66 99
67 99
68 99
70 99
71 99
72 99
73 99
74 99
75 99
77 99
78 99
79 99
82 99
83 99
84 99
86 99
88 99
95 99
96 99
98 99
