4
9
13
30
49
90
0 1
0 27
0 6
0 50
1 2
27 26
27 28
2 44
2 8
67 54
67 66
67 84
3 4
3 11
3 18
44 45
44 46
4 5
55 56
55 70
5 71
61 60
71 43
71 45
71 72
71 94
7 17
10 47
47 46
59 19
59 37
59 60
59 73
73 72
73 74
73 78
16 48
16 79
48 41
18 19
19 20
20 76
76 75
76 94
22 23
22 57
22 33
57 56
57 58
24 25
95 35
95 77
95 94
95 96
95 99
25 26
29 42
31 32
32 33
35 36
36 37
38 85
39 82
85 84
82 81
82 83
82 91
41 97
97 83
97 86
97 98
97 99
45 46
74 53
86 87
70 98
63 62
63 64
89 88
79 80
64 81
77 78
68 69
87 88
94 93
98 99
88 91
91 90
91 96
93 92
