5
34
39
40
46
67
102
25 0
25 5
25 19
25 21
25 75
25 23
25 27
25 31
25 32
25 43
25 47
25 49
25 51
25 55
25 59
25 61
25 63
0 4
0 91
0 12
0 6
0 8
0 1
0 2
0 3
0 7
0 9
0 10
0 11
0 13
0 14
0 15
0 16
0 17
0 18
0 20
0 22
0 23
0 24
0 99
1 5
1 6
1 19
1 21
1 23
3 6
5 75
5 9
5 10
6 12
6 31
12 75
13 75
13 17
13 19
14 75
15 19
16 24
16 32
17 21
17 18
18 75
18 36
19 75
19 77
19 91
19 38
21 75
21 31
21 42
75 23
75 27
75 31
75 35
75 47
75 49
75 51
75 55
75 59
75 63
75 66
75 80
75 84
75 85
75 99
22 61
24 32
26 32
30 32
31 33
32 38
32 53
36 38
42 48
43 45
45 49
47 51
49 53
57 61
61 65
61 63
95 99
