5
14
22
24
89
42
107
0 13
0 23
0 26
0 28
0 72
0 78
0 85
0 87
0 99
7 99
9 78
9 99
12 49
12 99
13 78
13 99
16 78
17 49
17 99
19 78
20 99
25 99
26 78
26 99
28 99
31 40
31 78
32 78
32 99
33 99
37 78
39 78
40 78
40 99
41 78
43 72
43 78
43 99
44 49
44 78
48 99
51 99
52 78
55 99
57 99
68 49
71 49
72 78
76 49
77 99
78 8
78 15
78 21
78 27
78 34
78 36
78 45
78 47
78 49
78 59
78 60
78 61
78 65
78 66
78 85
78 86
78 87
78 90
78 91
78 93
78 94
82 49
82 99
83 49
86 49
86 99
87 49
91 49
98 35
98 99
99 2
99 3
99 15
99 30
99 35
99 45
99 46
99 47
99 49
99 50
99 56
99 59
99 60
99 65
99 66
99 73
99 81
99 84
99 96
65 49
80 49
96 49
63 49
69 49
49 18
49 45
49 97
