4
89
59
19
30
101
0 14
0 68
0 66
0 45
0 5
0 11
0 17
0 25
0 58
66 99
1 84
1 37
1 62
32 42
32 88
92 84
24 20
84 27
84 41
84 42
84 52
84 57
84 91
84 63
84 73
84 81
5 8
5 18
91 15
91 51
91 54
6 29
41 7
41 82
3 20
78 15
70 15
7 83
7 99
7 97
7 9
7 44
67 15
22 90
64 54
65 99
76 54
34 15
34 90
80 20
99 36
99 87
99 9
99 88
99 26
8 21
51 13
94 52
33 20
9 54
9 90
54 27
54 46
54 20
54 48
54 73
54 56
90 38
90 43
90 48
90 60
90 69
90 75
90 36
90 49
90 57
31 20
31 62
43 20
15 63
15 77
15 73
15 21
15 53
15 82
63 42
63 21
21 20
50 20
57 62
93 42
93 26
38 72
20 53
20 69
20 79
69 28
27 42
42 28
42 62
62 88
