4
16
18
44
77
105
0 1
0 2
0 3
0 4
0 5
0 6
0 8
0 9
0 10
0 11
0 13
0 14
0 15
0 17
0 19
0 20
0 21
0 22
0 24
0 25
0 26
0 27
0 29
0 30
0 31
0 33
0 34
0 35
0 36
0 37
0 39
0 40
0 42
0 45
0 46
0 47
0 49
0 50
0 51
0 52
0 53
0 54
0 55
0 58
0 59
0 60
0 62
0 63
0 64
0 65
0 66
0 67
0 69
0 70
0 71
0 72
0 73
0 74
0 75
0 76
0 79
0 81
0 83
0 84
0 85
0 86
0 89
0 90
0 91
0 92
0 93
0 94
0 97
0 98
0 99
1 43
2 46
17 27
17 56
21 99
33 56
51 56
52 56
54 59
54 88
56 12
56 23
56 28
56 41
56 62
56 66
56 68
56 70
56 72
56 78
56 79
56 81
56 83
56 90
56 93
56 95
56 97
56 99
59 94
83 94
