0
93
0 2
0 20
0 76
1 2
1 4
1 3
1 39
1 76
2 3
2 4
2 18
4 11
4 16
4 22
4 75
3 29
3 84
3 91
3 96
10 5
10 7
10 22
5 20
5 12
11 8
20 42
20 77
6 7
6 17
6 29
7 18
7 26
8 21
8 37
8 78
8 85
9 27
9 42
12 16
12 30
12 73
13 86
15 14
22 17
22 21
22 30
22 41
22 97
18 74
18 82
16 17
17 67
17 83
29 24
29 25
23 24
23 25
23 32
24 62
24 70
24 71
24 80
24 87
25 45
27 33
27 81
31 32
45 43
45 41
39 65
34 40
40 44
40 95
36 37
44 43
44 82
44 99
38 99
42 46
42 89
50 54
54 88
54 98
55 92
65 66
77 58
56 84
68 73
57 71
82 72
62 64
81 80
90 97
