2
1
35
100
0 43
0 12
0 7
0 8
0 74
0 34
0 62
0 29
0 72
0 38
0 55
0 10
0 4
0 13
0 15
0 21
0 47
0 79
43 54
12 54
54 3
54 17
54 28
54 32
54 36
54 45
54 46
54 51
54 57
54 49
54 77
54 67
54 20
54 72
54 38
54 61
54 82
54 21
54 37
54 27
54 25
54 14
54 70
54 60
54 55
54 62
54 76
7 64
8 13
74 13
34 22
62 13
62 82
29 13
72 82
38 19
38 13
38 56
55 22
67 82
81 59
47 26
42 13
42 82
79 11
32 13
2 82
52 82
52 13
26 82
14 82
14 59
5 46
5 77
70 82
57 13
57 82
71 13
71 82
15 82
15 48
60 13
60 82
73 82
4 82
82 17
82 23
82 37
82 44
82 63
82 77
82 64
82 33
82 51
82 53
82 6
82 9
82 18
13 27
13 68
