5
67
15
11
26
32
105
69 49
69 52
69 90
69 10
69 5
69 58
69 35
69 92
61 90
61 4
61 66
68 66
57 66
57 90
49 0
49 4
36 75
36 50
36 70
36 46
36 81
75 90
70 90
70 71
50 66
50 37
79 60
60 85
60 88
60 52
60 38
60 86
60 82
60 10
60 62
60 25
60 97
60 22
60 30
60 87
97 62
89 0
53 66
77 4
77 90
19 66
52 24
52 81
52 5
24 90
16 90
16 17
16 23
85 66
85 51
84 23
94 0
66 3
66 56
66 48
66 80
66 83
0 86
0 39
0 28
0 74
0 40
86 4
90 46
90 43
90 78
90 35
90 88
90 18
90 58
90 14
90 92
46 99
18 62
59 23
23 21
23 2
23 35
23 4
42 87
42 71
83 37
44 4
44 99
99 45
99 17
99 80
21 37
81 4
81 62
43 62
62 41
62 51
62 34
62 2
62 8
62 71
62 14
4 35
71 56
