1
69
100
0 3
0 13
0 16
0 17
0 18
0 20
0 26
0 29
0 32
0 46
0 48
0 53
0 61
0 66
0 72
0 84
0 93
0 95
0 9
0 14
0 36
0 55
0 60
0 99
67 99
91 99
10 55
10 99
13 99
13 55
15 99
16 99
18 99
22 99
24 99
26 99
29 99
30 99
32 99
38 99
39 99
40 99
41 99
46 99
47 99
48 99
50 99
51 99
59 55
59 99
64 99
66 99
68 99
70 99
72 99
74 99
75 99
76 99
81 99
84 99
90 99
93 99
95 99
97 99
2 99
4 99
5 99
6 99
8 99
21 99
23 99
28 99
34 99
42 99
43 99
44 99
54 99
56 99
57 99
63 99
78 99
79 99
80 99
83 99
86 99
88 99
96 99
98 99
9 99
33 99
36 99
58 99
77 99
92 99
25 99
60 99
62 99
7 99
99 49
99 85
