5
9
33
29
53
64
104
0 6
0 21
0 37
0 61
0 68
0 90
21 89
37 10
37 56
37 61
37 63
37 72
37 88
61 14
76 5
76 16
76 58
76 59
76 70
1 57
1 62
57 13
57 28
57 40
57 44
57 67
57 84
57 99
62 14
62 19
62 28
62 32
62 54
62 56
62 59
62 60
81 30
84 5
84 83
2 17
7 56
17 4
17 22
17 98
20 31
49 5
49 86
51 15
51 80
60 99
63 30
63 80
82 87
82 99
39 16
39 78
58 5
58 19
78 31
78 95
71 30
89 30
5 41
5 69
5 70
5 91
87 25
87 66
11 31
77 30
77 86
27 99
34 30
34 31
40 25
40 97
65 19
65 86
88 86
8 13
8 19
12 13
13 31
13 38
13 46
19 25
19 54
19 74
28 14
28 38
28 67
10 97
97 14
97 24
97 25
97 31
97 94
97 95
31 24
30 22
30 95
47 25
80 72
72 99
