0
100
0 1
0 10
0 12
0 13
0 20
0 23
0 24
0 33
0 36
0 37
0 42
0 45
0 46
0 47
0 60
0 62
0 64
0 67
0 68
0 70
0 75
0 77
0 80
0 81
0 83
0 86
0 87
0 88
0 89
0 92
0 95
0 99
3 99
5 99
6 99
7 99
8 99
9 99
11 99
14 99
15 99
16 99
17 99
21 99
23 99
24 99
26 99
27 99
28 99
29 99
30 99
31 99
32 99
33 99
34 99
35 99
37 99
38 99
39 99
40 99
41 99
42 99
43 99
44 99
47 99
48 99
49 99
50 99
51 99
52 99
53 99
54 99
55 99
56 99
57 99
58 99
59 99
60 99
61 99
62 99
65 99
66 99
67 99
69 99
70 99
72 99
73 99
74 99
75 99
79 99
81 99
83 99
84 99
86 99
89 99
91 99
92 99
94 99
96 99
97 99
