5
4
2
1
3
18
105
0 78
0 20
0 48
0 42
0 37
0 69
0 35
0 70
0 34
0 44
0 32
0 66
0 5
0 73
0 31
0 21
0 74
0 15
0 24
0 53
0 17
0 71
0 29
0 33
0 58
0 64
0 16
0 28
0 19
0 25
0 14
0 77
0 60
0 26
0 79
78 72
78 45
60 72
60 12
9 52
39 25
39 53
39 6
58 46
58 71
40 36
11 73
16 73
12 31
31 52
63 41
63 19
66 25
66 49
66 51
66 73
64 49
64 54
65 49
65 6
65 71
68 74
68 26
74 61
25 15
20 76
36 77
77 57
77 79
77 30
77 75
73 75
73 67
73 48
33 53
47 76
76 71
76 69
71 62
45 62
45 21
62 27
62 17
62 59
62 43
51 43
38 37
27 24
42 5
14 10
69 70
70 72
8 21
8 35
24 7
72 32
34 29
75 30
50 52
50 79
52 55
57 59
57 46
57 55
23 56
