5
32
34
37
76
90
106
68 36
68 99
82 36
43 36
43 99
43 0
48 36
16 0
16 99
78 36
1 36
20 36
20 99
28 36
28 99
72 36
72 99
79 99
93 99
26 0
84 36
24 36
24 99
36 39
36 4
36 41
36 95
36 97
36 23
36 6
36 11
36 29
36 71
36 98
36 62
36 44
36 19
36 27
36 45
36 83
36 5
36 10
36 49
36 56
36 15
36 3
36 57
36 47
36 74
36 30
36 51
36 33
36 94
36 69
36 53
36 60
59 99
73 99
64 99
71 0
85 99
13 99
6 99
95 0
2 99
40 0
40 99
0 70
0 41
0 98
0 61
0 60
0 83
0 9
0 47
0 53
0 18
52 99
41 99
39 99
7 99
45 99
67 99
30 99
15 99
91 99
14 99
83 99
94 99
35 99
97 99
18 99
27 99
5 99
99 4
99 75
99 10
99 81
99 49
99 96
99 21
99 80
99 56
99 19
99 53
99 92
