5
1
48
50
83
87
110
0 2
0 3
0 4
0 5
0 6
0 7
0 8
0 9
0 10
0 11
0 12
0 14
0 17
0 18
0 19
0 21
0 22
0 23
0 24
0 25
0 26
0 27
0 28
0 29
0 32
0 33
0 34
0 36
0 37
0 38
0 40
0 41
0 42
0 43
0 44
0 45
0 46
0 49
0 51
0 52
0 53
0 54
0 55
0 56
0 57
0 58
0 59
0 60
0 61
0 62
0 63
0 65
0 66
0 69
0 73
0 74
0 75
0 76
0 78
0 79
0 81
0 82
0 84
0 85
0 88
0 89
0 90
0 91
0 92
0 94
0 95
0 96
0 98
0 99
2 99
5 99
9 99
12 99
27 99
28 99
33 99
34 99
35 99
37 99
38 99
41 99
42 99
43 99
49 99
51 99
53 99
54 99
59 99
61 99
66 99
69 99
70 99
71 99
73 99
75 99
76 99
78 99
81 99
84 99
85 99
86 99
88 99
94 99
95 99
96 99
