5
87
89
91
93
95
109
0 2
0 3
0 6
0 7
0 8
0 9
0 12
0 13
0 17
0 18
0 19
0 22
0 23
0 26
0 28
0 29
0 32
0 33
0 34
0 37
0 41
0 44
0 46
0 48
0 49
0 50
0 51
0 53
0 54
0 56
0 59
0 60
0 62
0 66
0 67
0 68
0 70
0 71
0 73
0 74
0 75
0 76
0 77
0 78
0 79
0 81
0 86
0 88
0 94
0 97
1 97
2 97
4 97
5 97
6 97
7 97
8 97
11 97
12 97
16 97
18 97
19 97
20 97
21 97
22 97
24 97
26 97
27 97
28 97
29 97
30 97
31 97
32 97
33 97
34 97
35 97
36 97
37 97
38 97
39 97
40 97
41 97
46 97
49 97
50 97
51 97
52 97
53 97
55 97
57 97
58 97
60 97
62 97
64 97
66 97
67 97
68 97
69 97
73 97
76 97
77 97
80 97
81 97
82 97
83 97
85 97
86 97
88 97
96 97
