5
34
46
80
86
84
107
0 6
0 2
0 3
0 5
0 8
0 10
0 16
0 20
0 23
0 24
0 26
0 35
0 40
0 41
0 43
0 44
0 48
0 49
0 52
0 56
0 60
0 62
0 63
0 64
0 65
0 76
0 79
0 85
6 88
2 88
3 88
8 76
10 88
16 76
16 81
16 88
23 88
24 39
26 39
35 88
40 88
41 39
44 76
48 88
49 76
56 39
60 39
60 76
62 76
63 76
63 81
64 88
65 9
76 4
76 7
76 15
76 33
76 42
76 45
76 47
76 51
76 57
76 66
76 69
76 74
76 77
76 82
76 88
79 39
79 88
81 22
81 31
81 50
81 78
85 39
1 39
14 88
19 39
31 39
31 88
36 88
39 4
39 9
39 59
39 61
39 66
39 70
42 88
55 88
66 88
67 88
68 88
74 88
83 88
53 88
54 88
59 88
88 15
88 17
88 18
88 27
88 28
88 30
88 50
88 75
88 77
88 87
