1
9
100
0 2
0 3
0 4
0 5
0 6
0 7
0 8
1 2
1 3
1 4
1 27
1 28
1 29
2 4
2 5
2 28
2 29
3 5
3 6
3 7
3 29
4 6
4 7
4 8
5 6
5 7
5 8
6 8
7 10
7 11
8 10
8 11
10 11
10 12
10 13
10 14
11 13
11 14
11 15
12 14
12 15
12 16
12 30
13 17
13 30
18 30
19 22
20 22
20 24
21 23
21 24
21 25
22 25
22 26
23 24
23 25
23 26
23 27
24 25
24 26
24 28
25 26
25 27
26 27
26 29
27 28
27 29
28 29
28 30
29 30
35 40
31 32
32 36
32 37
32 40
33 38
33 39
33 47
36 40
37 39
37 46
40 42
40 46
39 42
39 43
38 43
38 44
42 47
47 43
47 50
46 52
52 48
52 53
49 54
49 55
49 56
50 54
51 53
51 54
57 59
