5
9
19
21
29
44
110
0 2
0 6
0 13
0 15
0 16
0 17
0 18
0 20
0 24
0 25
0 33
0 35
0 36
0 40
0 45
0 52
0 54
0 55
0 59
1 35
1 59
2 59
3 35
3 59
4 35
4 59
5 35
5 59
6 59
7 35
7 59
8 35
8 59
10 35
10 59
11 35
11 59
12 35
12 59
13 59
14 35
14 59
15 59
16 35
16 59
17 59
18 35
18 59
20 59
22 35
22 59
23 35
23 59
24 59
25 35
25 59
26 35
26 59
27 35
27 59
28 35
28 59
30 35
30 59
31 35
31 59
32 35
32 59
33 59
34 35
34 59
35 37
35 38
35 39
35 41
35 42
35 43
35 46
35 47
35 48
35 49
35 50
35 51
35 52
35 53
35 56
35 57
35 58
36 59
37 59
38 59
39 59
40 59
41 59
42 59
43 59
45 59
46 59
47 59
48 59
49 59
50 59
51 59
52 59
53 59
54 59
55 59
56 59
57 59
58 59
