0
100
0 7
0 99
27 54
27 99
32 99
87 54
87 73
87 99
60 99
83 99
15 90
15 54
15 47
15 99
45 99
36 65
36 41
80 99
50 54
30 54
72 17
72 76
72 82
2 99
2 54
26 99
39 99
94 99
8 54
64 99
18 99
18 54
35 99
35 54
41 99
65 52
65 99
4 99
4 54
49 54
33 99
40 99
69 54
69 99
52 99
22 54
22 99
37 99
37 54
21 99
16 99
34 99
84 54
84 99
23 99
93 99
31 99
7 99
11 99
13 99
14 54
14 99
17 54
17 99
20 99
24 99
38 99
47 99
47 54
54 5
54 99
55 99
57 99
59 99
61 99
70 99
71 99
74 99
79 99
81 99
88 99
89 99
90 99
91 99
92 99
97 99
99 5
99 10
99 28
99 42
99 51
99 53
99 56
99 62
99 63
99 73
99 75
99 78
99 95
99 96
