5
1
3
10
35
54
100
0 4
0 61
0 62
0 63
2 61
2 62
2 63
4 61
4 63
5 9
5 61
5 62
5 63
6 61
6 62
6 63
7 8
7 61
7 62
7 63
8 61
8 62
8 63
9 61
9 63
11 15
11 61
11 62
11 63
12 61
12 62
12 63
14 18
14 15
15 19
16 20
17 21
18 19
22 26
22 23
23 24
24 28
25 29
26 27
27 31
29 30
30 31
34 38
37 41
37 38
39 43
39 40
63 49
63 50
63 51
63 53
63 55
63 56
63 57
63 59
63 60
63 65
63 64
41 42
42 46
43 44
45 49
46 47
47 51
48 52
49 61
49 62
50 51
50 61
50 62
51 52
51 62
52 61
52 62
53 61
53 62
55 56
55 61
55 62
56 60
56 62
57 65
57 61
57 62
58 65
58 59
58 61
58 62
59 65
59 61
59 62
60 61
60 62
65 61
65 62
