5
91
30
31
92
77
101
0 4
0 14
0 19
0 24
0 26
0 27
0 46
0 61
0 88
0 94
0 95
14 45
14 81
24 15
43 5
43 7
43 12
43 35
43 37
43 60
43 61
43 62
43 63
43 81
43 83
43 90
46 99
61 1
61 15
61 48
61 96
94 15
1 3
1 10
1 12
1 17
1 28
1 33
1 55
1 64
1 66
1 69
1 71
1 78
1 83
1 85
1 93
9 13
9 17
9 33
9 34
9 37
9 40
9 52
9 60
9 66
9 74
9 80
12 99
17 96
28 15
64 15
66 99
69 81
83 45
83 99
93 96
96 23
96 44
96 89
96 99
82 15
98 81
21 99
23 81
8 15
29 81
29 99
50 15
90 15
34 15
89 81
7 15
15 16
15 47
15 49
15 67
79 81
59 99
75 99
40 81
52 81
52 99
81 16
81 22
81 44
81 62
86 99
99 42
99 53
99 56
