5
62
53
83
16
46
101
0 1
1 2
10 11
10 20
11 20
11 12
11 21
21 12
41 50
41 51
50 60
51 52
51 42
51 61
61 52
70 80
71 80
71 72
81 82
81 72
81 91
2 12
12 22
22 13
82 73
92 93
3 4
3 13
13 14
13 23
23 14
63 54
73 74
4 5
34 35
44 45
44 35
44 54
54 64
64 65
64 74
74 84
84 85
84 94
94 95
25 26
25 35
35 36
45 36
45 55
55 56
55 65
65 75
75 76
75 66
75 85
85 86
85 76
6 7
26 17
36 37
66 67
66 76
76 77
86 87
86 77
96 97
96 87
17 18
17 8
27 28
27 18
27 37
37 47
47 38
57 67
67 58
67 77
77 87
87 78
97 88
18 28
28 29
28 38
38 48
48 49
48 39
48 58
58 49
58 68
68 69
68 59
68 78
78 79
78 88
88 89
88 98
98 99
19 29
59 69
79 89
