3
39
27
53
100
0 3
0 6
0 7
0 10
0 11
0 28
0 31
0 34
0 35
0 37
0 38
0 41
0 45
0 47
0 48
0 52
0 57
0 58
0 60
0 69
0 71
0 73
3 18
3 21
3 22
6 19
6 93
7 88
11 93
18 24
18 40
18 42
18 59
18 61
18 67
18 70
18 80
18 81
18 88
18 93
28 31
31 5
31 14
31 38
31 41
31 43
31 44
31 45
31 50
31 54
31 57
31 58
31 77
31 83
31 87
34 19
37 93
38 88
45 93
47 1
58 19
58 44
65 14
65 72
65 93
69 19
1 19
1 88
17 93
19 13
19 15
19 23
19 32
19 36
19 80
19 93
61 88
80 93
82 93
88 16
88 25
88 32
88 33
88 62
88 68
88 77
88 91
13 93
32 93
54 93
9 93
20 93
36 93
86 93
46 77
46 93
55 93
93 12
93 43
93 75
