5
1
14
24
71
74
108
0 5
0 7
0 9
0 18
0 26
0 27
0 40
0 55
0 76
0 78
0 82
0 89
0 93
0 96
2 96
3 96
4 96
5 59
5 96
6 96
7 96
8 96
9 96
10 96
11 96
12 96
13 96
15 96
16 96
17 96
18 96
19 96
20 96
21 96
22 96
23 96
25 96
26 96
27 96
28 96
29 96
30 96
31 96
32 96
33 96
34 96
35 96
36 96
37 96
38 96
39 96
40 96
41 96
42 96
43 96
44 96
45 96
46 96
47 96
48 59
48 96
49 96
50 96
51 96
52 96
53 96
54 96
55 96
56 96
57 59
57 96
58 96
59 72
59 91
60 96
61 96
62 96
63 96
64 96
65 96
66 96
67 96
68 96
69 96
70 96
72 96
73 96
75 96
76 96
77 96
78 96
79 96
80 96
81 96
82 96
83 96
84 96
85 96
86 96
87 96
88 96
89 96
90 96
91 96
92 96
93 96
94 96
95 96
