5
58
66
52
78
48
102
0 11
0 14
0 30
0 33
0 34
0 36
0 46
0 53
0 54
0 56
0 61
0 63
0 67
0 82
0 84
0 86
0 88
0 89
0 94
11 37
14 3
14 24
24 1
24 6
24 7
24 10
24 21
24 22
24 34
24 43
24 44
24 46
24 51
24 55
24 56
24 59
24 72
24 76
24 84
24 87
24 88
24 96
30 3
33 25
34 3
34 20
34 23
34 40
34 56
34 72
34 80
34 90
34 93
36 37
36 74
36 89
46 3
53 3
54 3
54 51
54 89
54 96
61 3
61 96
63 51
84 3
84 15
86 3
86 96
1 42
25 3
25 79
26 96
29 3
51 3
72 7
72 39
72 59
72 87
72 96
80 3
92 3
2 3
3 5
3 18
3 31
3 32
3 41
3 44
3 49
3 59
3 60
3 65
3 69
3 83
35 96
50 96
31 96
32 96
96 8
96 70
23 17
