0
100
0 6
0 12
0 13
0 16
0 17
0 23
0 25
0 26
0 28
0 30
0 32
0 35
0 36
0 37
0 41
0 42
0 43
0 45
0 48
0 66
0 68
0 75
0 81
0 94
0 95
2 95
3 95
4 95
5 95
6 95
7 95
8 95
9 95
10 95
11 95
12 95
13 95
14 95
15 95
18 95
19 95
20 95
21 95
22 95
23 95
25 95
26 95
28 95
29 95
30 95
31 95
32 95
33 95
34 95
35 95
37 95
38 95
39 95
40 95
41 95
42 95
44 95
45 95
46 95
47 95
48 95
50 95
52 95
53 95
54 95
55 95
56 95
57 95
58 95
59 95
60 95
61 95
62 95
63 95
66 95
67 95
70 95
72 95
73 95
74 95
76 95
77 95
78 95
79 95
80 95
82 95
83 95
84 95
85 95
86 95
87 95
88 95
89 95
92 95
94 95
