2
42
29
99
0 4
0 5
0 6
0 7
0 9
0 11
0 13
0 14
0 17
0 18
0 19
0 21
0 22
0 24
0 30
0 32
0 37
0 40
0 41
0 45
0 46
0 47
0 49
0 50
0 51
0 52
0 57
0 60
0 61
0 66
0 67
0 72
0 75
0 77
0 80
0 82
0 84
0 85
0 86
0 88
0 89
0 95
0 96
0 98
4 49
4 99
5 99
6 99
7 99
9 99
11 99
18 65
30 96
32 99
34 99
37 99
40 99
45 99
46 99
47 31
49 99
50 99
52 69
52 99
57 99
60 99
61 99
66 99
72 99
80 99
84 99
85 99
86 99
88 99
95 99
98 99
8 99
16 99
25 99
27 99
28 99
38 99
59 99
70 99
71 99
73 99
81 99
94 68
10 99
33 99
56 99
62 99
63 99
65 99
76 99
3 99
39 99
44 99
58 99
