0
99
0 71
1 99
3 71
4 34
6 34
6 99
8 34
8 71
12 99
13 34
28 71
29 34
30 71
31 99
41 34
41 71
43 34
43 99
44 34
50 99
51 34
51 71
54 71
55 34
55 71
58 34
58 71
59 34
61 34
64 34
65 34
67 71
67 99
68 34
68 71
68 99
71 5
71 9
71 10
71 16
71 19
71 24
71 25
71 26
71 34
71 36
71 37
71 38
71 47
71 53
71 62
71 70
71 73
71 74
71 77
71 82
71 83
71 85
71 86
71 90
71 91
71 94
79 99
80 99
83 99
87 99
88 99
90 99
92 99
95 99
98 99
5 99
9 99
10 99
15 99
24 99
35 99
42 99
49 99
53 99
62 99
72 99
73 99
82 99
85 99
99 2
99 20
99 25
99 27
99 34
99 38
99 39
99 52
99 56
99 63
99 66
99 75
99 84
99 86
