1
39
96
0 11
42 15
42 83
42 90
11 40
11 18
1 27
1 99
27 9
27 26
37 12
37 55
2 29
29 15
29 53
4 3
4 65
92 34
92 21
34 33
34 62
34 41
5 64
5 46
5 55
5 82
64 61
64 91
46 60
46 52
6 24
6 76
24 55
8 53
8 68
7 93
93 72
93 87
93 23
53 45
66 84
66 48
14 65
14 94
14 88
10 26
94 60
94 44
23 43
23 48
12 81
58 17
58 41
58 81
13 95
13 59
13 62
13 75
80 28
80 67
95 68
15 99
99 63
99 86
16 97
17 68
18 55
55 44
19 82
19 72
21 54
70 69
70 54
43 32
43 31
43 98
56 25
25 62
25 51
62 31
50 36
50 61
33 85
28 38
71 81
75 35
73 72
32 47
36 89
36 87
89 44
60 72
38 52
44 49
49 98
86 74
