0
96
0 2
0 3
2 1
2 3
2 4
2 5
2 7
2 9
2 11
2 13
2 14
2 18
2 21
2 40
2 41
2 48
2 58
2 59
2 62
2 86
3 24
81 1
1 4
1 6
1 10
1 11
1 15
1 20
1 21
1 23
1 66
1 94
4 5
4 6
4 7
4 54
4 55
10 7
10 17
10 30
12 5
12 56
33 7
33 58
5 79
7 8
7 13
7 16
7 18
7 19
7 22
7 28
7 34
7 35
7 51
7 60
7 67
7 80
7 91
8 76
9 14
13 17
13 53
14 22
14 25
14 26
14 30
14 63
14 78
14 85
18 31
29 24
40 42
59 30
59 87
24 17
24 32
50 52
54 17
61 19
16 28
19 17
19 46
19 57
32 45
35 96
51 89
69 30
17 27
17 38
17 73
30 98
53 93
26 82
42 83
46 99
