1
1
98
0 8
0 11
0 14
0 17
0 22
0 23
0 24
0 25
0 35
0 36
0 40
0 41
0 42
0 43
0 46
0 48
0 52
0 54
0 57
0 61
0 64
0 70
0 71
0 76
0 78
0 80
0 83
0 85
0 90
0 93
8 93
11 65
14 65
17 93
23 65
24 65
35 65
35 93
36 26
36 34
36 48
36 51
36 60
36 65
36 80
41 65
41 93
43 93
46 65
46 93
48 65
57 93
64 65
65 19
65 26
65 28
65 31
65 32
65 33
65 34
65 37
65 38
65 50
65 51
65 55
65 56
65 60
65 62
65 70
65 72
65 77
65 81
65 83
65 86
65 93
70 93
93 2
93 4
93 12
93 18
93 20
93 26
93 29
93 32
93 50
93 51
93 53
93 56
93 62
93 67
93 75
93 77
93 81
93 86
93 87
93 89
93 92
50 75
