5
22
47
74
76
77
106
0 1
0 6
0 10
0 11
0 12
0 14
0 15
0 17
0 18
0 19
0 20
0 21
0 24
0 28
0 31
0 33
0 34
0 36
0 43
0 51
0 53
0 55
0 56
0 57
0 62
0 65
0 68
0 69
0 70
0 72
0 75
0 80
0 82
0 83
0 85
0 87
0 88
0 90
0 92
0 94
0 97
6 99
10 78
11 78
12 99
14 8
14 68
15 78
17 78
19 99
20 99
21 99
33 99
36 99
51 99
53 78
53 99
55 78
57 78
62 78
65 99
68 99
69 78
72 78
83 78
83 99
90 78
92 99
94 78
97 78
97 99
4 78
9 99
23 99
26 78
27 78
32 78
35 78
35 99
39 78
40 99
50 78
59 99
60 99
66 99
73 78
81 78
81 99
84 78
91 99
95 99
5 99
52 99
61 78
16 78
49 99
58 78
89 99
93 78
98 99
78 86
37 99
63 99
99 29
99 45
99 71
