1
77
100
14 99
74 99
21 99
21 69
28 0
28 99
8 99
8 13
8 3
63 99
63 10
29 99
44 99
92 99
2 99
41 99
57 99
57 0
59 0
30 99
17 0
17 99
42 99
42 0
88 99
6 0
98 99
98 0
97 99
0 55
0 35
0 58
0 65
0 95
0 86
0 36
0 75
0 80
0 60
0 51
0 31
0 22
0 76
0 67
0 81
0 40
0 47
0 38
0 61
0 11
0 25
0 23
0 82
0 53
0 83
0 33
0 99
0 18
0 72
0 79
0 70
0 84
0 43
55 99
60 99
81 99
23 99
45 99
94 99
53 99
35 99
22 99
37 99
89 99
66 24
66 99
93 99
96 99
11 99
84 99
33 99
72 83
9 99
49 99
52 99
86 99
85 99
65 99
16 99
79 99
31 99
82 99
18 99
51 99
80 99
56 99
61 39
99 39
99 58
99 19
