5
82
64
80
96
92
108
0 23
0 25
0 44
0 49
50 71
50 88
50 73
50 76
50 65
50 81
50 61
50 58
50 91
50 63
50 79
50 78
50 95
50 84
50 94
50 56
50 85
50 93
50 69
50 99
50 59
50 66
50 83
71 78
86 89
86 52
86 99
88 89
88 99
72 89
72 99
72 52
73 99
76 99
76 89
76 52
65 99
81 52
81 89
81 99
61 60
61 99
61 52
90 89
90 99
58 99
58 89
97 52
97 89
91 99
91 52
98 52
98 89
98 99
79 52
79 99
62 99
62 89
67 89
67 99
78 99
78 52
95 89
95 52
68 89
68 52
68 99
84 52
60 89
75 99
94 52
94 99
56 89
56 99
56 52
85 89
85 99
53 52
53 89
74 52
74 89
74 99
93 89
93 99
69 52
99 51
99 54
99 59
99 70
99 83
99 55
99 77
99 57
99 89
51 52
66 89
52 55
52 70
52 77
77 89
54 89
83 89
70 89
89 57
