5
14
34
18
39
56
110
0 59
0 54
0 46
0 30
0 58
0 32
0 27
0 44
0 2
0 8
0 43
0 24
0 49
0 7
0 48
0 52
0 21
0 19
0 12
0 15
0 28
0 16
0 29
0 5
0 4
0 26
0 13
0 17
0 50
0 20
0 47
0 31
0 33
0 45
0 9
0 22
0 6
0 41
0 38
0 42
0 36
0 23
0 3
0 55
0 51
0 40
0 37
35 36
35 24
35 44
35 23
35 59
35 22
35 58
59 52
59 44
59 25
59 47
59 31
59 43
59 19
59 40
59 7
59 29
59 49
59 27
59 23
59 26
59 33
59 6
59 48
59 5
59 32
59 53
59 9
59 10
59 38
59 21
59 51
59 28
59 50
59 16
59 54
59 1
59 4
59 15
59 8
59 42
59 45
59 3
59 36
59 55
59 30
59 12
59 37
59 41
59 22
59 2
59 57
59 11
59 13
59 17
32 24
24 52
24 19
24 48
24 21
24 28
24 16
24 4
