2
40
98
99
0 4
0 8
0 27
0 34
0 39
0 43
0 44
0 48
0 52
0 57
0 59
0 61
0 64
0 68
0 70
0 78
0 92
1 34
1 46
1 49
1 67
1 75
1 88
8 3
8 24
8 44
8 93
34 69
39 99
43 44
43 93
44 5
44 9
44 10
44 36
44 42
44 46
44 49
44 55
44 59
44 64
44 67
44 85
44 86
44 97
52 3
58 24
58 61
59 24
61 3
61 88
61 99
67 99
70 3
73 93
26 99
49 3
51 3
60 24
85 24
88 3
89 80
2 3
2 99
3 5
3 12
3 30
3 41
3 55
3 71
3 77
3 82
3 83
3 86
3 91
12 93
35 99
41 99
54 24
54 99
99 5
99 13
99 15
99 18
99 19
99 22
99 28
99 37
99 74
99 93
99 96
24 28
24 77
24 79
24 91
86 93
93 15
93 38
93 50
