5
1
11
48
61
79
110
0 2
0 3
0 4
0 5
0 6
0 7
0 8
0 9
0 10
0 14
0 15
0 16
0 17
0 19
0 20
0 21
0 22
0 23
0 26
0 27
0 28
0 29
0 30
0 31
0 32
0 33
0 36
0 37
0 38
0 39
0 40
0 41
0 42
0 43
0 44
0 46
0 47
0 49
0 50
0 51
0 52
0 53
0 54
0 55
0 56
0 57
0 58
0 59
0 60
0 62
0 63
0 65
0 66
0 67
0 68
0 70
0 71
0 74
0 76
0 78
0 80
0 81
0 82
0 83
0 84
0 85
0 86
0 87
0 88
0 89
0 90
0 91
0 92
0 93
0 94
0 95
2 95
5 95
7 95
8 95
10 95
13 95
16 95
17 95
18 95
19 95
20 95
21 95
23 95
25 95
26 95
29 95
33 95
35 95
37 95
40 95
43 95
54 95
57 95
63 95
68 95
69 95
70 95
71 95
73 95
81 95
83 95
87 95
89 95
90 95
