0
97
0 89
0 32
89 69
27 38
32 38
32 71
32 91
69 6
69 4
1 70
1 95
8 20
8 75
26 56
38 35
41 68
34 84
70 4
70 91
84 2
84 65
2 85
2 6
4 60
4 44
4 94
64 71
64 82
58 46
91 53
85 18
85 60
85 63
85 53
6 99
6 19
6 49
6 97
65 9
65 18
18 48
18 57
18 25
20 63
60 78
60 13
63 46
53 39
99 11
7 5
7 61
7 48
7 88
16 82
19 52
49 42
49 80
49 87
3 78
78 45
78 96
61 28
9 36
88 36
88 62
55 10
55 22
45 46
83 33
83 43
96 10
96 23
96 48
40 13
44 42
94 12
98 5
98 37
98 48
5 86
86 62
37 17
11 68
62 73
62 21
51 50
51 81
92 50
92 82
28 17
12 66
75 50
82 90
29 33
66 47
52 22
46 76
