2
9
53
101
0 41
0 81
0 19
0 46
0 42
0 62
0 72
0 13
0 68
0 85
0 98
0 92
0 84
0 87
0 17
0 10
0 28
0 50
0 99
0 1
0 43
0 55
0 86
0 96
45 41
65 99
41 99
41 49
19 99
80 99
26 52
26 99
3 99
42 12
5 12
32 90
30 99
68 99
85 99
34 12
98 48
98 39
7 99
2 99
36 12
36 99
87 99
87 12
17 99
79 99
10 99
52 99
77 99
54 12
54 99
38 99
21 99
58 12
58 99
99 4
99 6
99 20
99 23
99 31
99 33
99 35
99 37
99 43
99 44
99 48
99 51
99 57
99 67
99 74
99 83
99 86
99 89
99 90
99 93
99 96
99 29
99 71
99 88
99 55
20 12
44 12
37 12
51 12
1 12
67 12
88 12
12 4
12 6
12 60
12 89
12 33
12 35
12 48
12 55
12 96
93 86
