5
52
3
46
77
70
103
0 20
0 23
0 25
0 29
0 33
0 36
0 41
0 49
0 56
0 62
20 61
23 24
23 37
23 48
24 2
24 4
24 5
24 12
24 38
24 53
24 54
24 63
24 66
24 67
25 21
25 37
25 81
29 21
29 48
36 37
36 48
49 21
56 48
1 37
1 61
2 32
30 21
30 48
31 48
37 17
37 32
37 38
37 42
37 48
37 50
37 58
37 64
37 69
37 79
44 81
61 5
61 8
61 18
61 21
61 43
61 54
61 66
61 75
61 76
67 21
67 81
78 18
78 21
78 32
78 81
79 21
79 81
14 4
17 21
17 81
28 13
28 21
32 40
32 42
55 81
59 4
59 21
59 48
63 4
63 13
76 48
10 13
16 21
43 21
48 5
48 38
48 39
48 45
54 13
4 38
4 45
4 69
6 21
21 13
21 58
21 81
58 71
5 13
13 15
65 81
75 81
19 71
72 81
