5
50
73
74
85
89
110
0 4
0 13
0 18
0 32
0 48
0 71
0 84
0 99
1 99
2 99
3 99
4 99
5 99
6 99
7 99
8 99
9 99
10 99
11 99
12 99
13 98
13 99
14 99
15 98
15 99
16 99
17 71
17 99
18 99
19 99
20 99
21 99
22 99
23 99
24 99
25 99
26 99
27 99
28 99
29 99
30 99
31 99
32 99
33 99
34 99
35 98
35 99
36 99
37 98
37 99
38 99
39 99
40 99
41 99
42 99
43 99
44 99
45 99
46 98
46 99
47 99
48 99
49 99
51 99
52 99
53 99
54 99
55 99
56 98
56 99
57 99
58 99
59 99
60 99
61 98
61 99
62 99
63 99
64 99
65 99
66 99
67 99
68 99
69 99
70 98
70 99
71 99
72 99
75 99
76 98
76 99
77 99
78 99
79 99
80 99
81 99
82 99
83 99
84 99
86 99
87 99
88 99
90 99
91 99
92 99
93 99
94 99
95 99
96 99
97 99
