1
59
100
0 36
0 44
0 2
0 9
0 21
0 13
0 50
0 16
36 11
36 15
36 22
36 35
36 57
44 13
44 15
44 22
44 40
44 57
2 15
2 22
2 40
2 57
9 13
9 15
9 17
9 18
9 22
9 35
9 49
9 57
21 11
21 13
21 15
21 57
13 1
13 3
13 4
13 5
13 6
13 7
13 8
13 10
13 11
13 12
13 14
13 15
13 16
13 17
13 18
13 19
13 20
13 22
13 23
13 24
13 25
13 26
13 27
13 28
13 29
13 30
13 31
13 32
13 33
13 34
13 35
13 37
13 38
13 39
13 40
13 41
13 42
13 43
13 45
13 46
13 47
13 48
13 49
13 51
13 52
13 53
13 54
13 55
13 56
13 58
22 15
22 35
22 40
22 50
22 57
50 15
50 57
16 11
16 15
11 60
14 60
15 37
15 60
35 60
40 60
57 60
