2
20
22
100
0 1
0 2
0 6
0 7
0 8
0 10
0 12
0 16
0 17
0 19
0 24
0 25
0 27
0 28
0 29
0 31
0 34
0 35
0 36
0 37
0 38
0 40
0 44
0 48
0 55
0 57
0 62
0 65
0 66
0 67
0 69
0 76
0 77
0 82
0 83
0 84
0 85
0 87
0 88
0 91
0 96
0 99
1 99
2 99
7 99
11 99
17 99
21 99
28 99
29 99
34 99
36 99
38 99
39 99
40 99
41 99
42 99
43 99
48 99
57 99
59 70
59 86
59 99
62 99
65 99
67 99
72 99
77 99
84 99
85 99
87 99
88 99
89 99
91 99
99 3
99 5
99 9
99 15
99 26
99 30
99 32
99 45
99 46
99 49
99 51
99 53
99 54
99 56
99 60
99 61
99 63
99 64
99 71
99 73
99 75
99 78
99 79
99 80
99 94
99 98
