0
98
0 98
0 99
1 92
1 20
1 5
1 37
26 66
26 98
26 92
6 98
6 99
19 66
27 98
69 99
98 9
98 10
98 12
98 13
98 14
98 18
98 20
98 28
98 29
98 30
98 34
98 41
98 43
98 44
98 47
98 50
98 52
98 56
98 63
98 64
98 66
98 70
98 77
98 80
98 82
98 83
98 86
98 87
98 89
98 92
98 94
98 95
98 97
84 99
37 99
58 99
92 99
99 3
99 5
99 8
99 15
99 20
99 23
99 24
99 25
99 29
99 30
99 31
99 43
99 45
99 48
99 49
99 50
99 52
99 54
99 56
99 59
99 60
99 65
99 66
99 67
99 71
99 72
99 74
99 75
99 76
99 77
99 78
99 79
99 80
99 82
99 83
99 85
99 87
99 88
99 89
99 90
99 93
99 94
99 97
80 66
74 66
52 66
77 66
