0
99
0 1
1 2
1 8
1 3
3 5
4 5
6 7
6 8
7 8
8 9
9 10
11 12
11 13
12 13
12 99
14 15
14 16
16 18
17 18
18 19
19 21
20 21
21 22
22 24
23 24
25 26
25 27
26 28
27 29
28 29
30 31
30 32
31 33
32 33
34 35
34 36
35 36
37 38
37 39
38 40
39 41
40 41
43 44
44 45
44 46
45 47
46 47
48 49
48 50
49 51
50 52
51 52
53 54
53 55
54 56
55 56
57 58
58 59
59 60
59 61
60 61
62 63
63 64
64 65
64 66
65 67
66 68
67 68
69 70
69 71
70 71
71 73
72 73
73 99
74 75
74 76
75 77
76 78
77 79
79 80
80 81
80 82
81 83
82 84
83 84
84 85
85 86
87 88
87 89
88 90
89 91
90 91
91 92
92 94
93 95
94 96
95 96
97 98
97 99
