5
90
92
35
58
24
104
0 9
0 18
9 12
28 32
28 21
28 53
18 2
18 32
18 20
18 52
65 1
65 39
65 47
65 61
65 78
65 49
65 93
53 82
68 54
68 95
43 30
43 82
12 14
12 32
12 40
12 21
14 97
14 11
64 55
64 26
78 41
78 82
78 21
96 7
38 63
38 20
38 71
38 60
21 93
21 11
2 44
2 59
2 97
93 7
93 87
93 39
93 36
93 19
93 95
95 63
95 55
95 30
95 88
20 99
20 26
52 76
52 98
52 60
52 42
52 71
39 29
39 60
61 7
6 3
6 77
6 63
6 91
6 56
10 82
59 97
59 30
5 41
27 7
63 40
83 57
30 42
97 41
97 16
88 82
70 7
7 46
19 99
40 98
3 98
33 99
76 54
62 99
98 91
98 11
98 67
26 11
26 80
13 54
71 41
71 42
73 41
54 84
37 82
46 82
41 16
41 8
16 82
8 11
84 82
