5
1
13
14
22
45
110
0 3
0 4
0 5
0 6
0 9
0 12
0 16
0 17
0 33
0 34
0 39
0 40
0 42
0 43
0 44
0 47
0 52
0 54
0 60
0 62
0 63
0 67
0 70
0 77
0 83
0 85
0 87
0 91
0 99
2 99
3 99
4 99
5 99
6 99
7 99
8 99
9 99
10 99
11 99
12 99
15 99
16 99
18 99
19 99
23 99
24 99
25 99
26 99
27 99
29 99
30 99
31 99
32 99
33 99
34 99
35 99
37 99
39 99
40 99
42 99
43 99
44 99
46 99
47 99
48 99
49 99
52 99
54 99
55 99
57 99
58 99
59 99
60 99
61 99
62 99
63 99
64 99
65 99
66 99
67 99
68 99
69 99
70 99
71 99
72 99
73 99
74 99
75 99
76 99
77 99
78 99
79 99
80 99
81 99
82 99
84 99
85 99
86 99
87 99
88 99
89 99
90 99
91 99
92 99
93 99
94 99
95 99
96 99
97 99
98 99
