1
50
100
0 4
0 8
0 10
0 11
0 12
0 13
0 14
0 16
0 18
0 22
0 23
0 24
0 29
0 33
0 34
0 35
0 36
0 40
0 42
0 51
0 53
0 55
0 56
0 59
0 62
0 64
0 73
0 74
0 79
4 10
4 60
4 61
4 72
8 76
10 1
10 5
10 9
10 11
10 14
10 16
10 17
10 19
10 20
10 21
10 22
10 24
10 25
10 26
10 28
10 29
10 30
10 31
10 32
10 34
11 84
12 60
13 60
13 84
14 60
14 78
16 76
18 60
22 84
23 60
23 84
24 84
33 84
36 84
55 84
56 84
64 84
79 84
80 84
1 84
3 84
15 84
19 84
25 84
27 84
28 84
48 84
54 84
69 84
75 84
78 84
83 84
84 6
84 17
84 20
84 21
84 31
84 43
84 44
84 60
84 61
84 63
84 68
84 71
84 72
84 76
