1
2
98
0 3
1 3
3 6
4 5
4 6
4 7
5 6
5 7
6 8
7 9
7 10
8 9
8 10
8 11
9 11
9 12
10 11
10 13
11 14
12 13
12 14
12 15
13 15
13 16
14 16
14 17
15 16
15 18
16 19
17 18
17 19
17 20
18 19
18 21
19 20
20 22
20 23
21 22
21 23
21 24
22 23
22 25
23 26
24 25
24 26
24 27
25 26
25 27
26 28
27 28
27 29
28 29
28 30
29 30
29 32
30 31
30 33
31 32
31 33
31 34
32 33
32 34
33 35
34 36
34 37
35 36
35 37
35 38
36 38
36 39
37 38
37 40
38 39
39 40
39 42
40 41
40 42
41 42
41 43
41 44
42 44
43 44
43 45
43 46
44 45
45 46
45 47
46 47
46 49
47 48
47 50
48 49
48 50
48 51
49 50
49 52
50 53
51 52
