5
71
76
70
73
77
107
0 5
11 12
16 17
2 3
21 14
21 23
21 24
21 25
22 26
22 27
23 26
23 27
24 28
25 28
26 29
27 29
27 31
28 29
28 30
28 32
28 33
29 35
29 37
30 34
30 35
30 36
31 34
31 35
31 36
31 37
32 34
32 35
32 36
33 34
33 36
34 38
34 39
34 40
34 41
35 40
36 38
36 39
36 41
36 42
37 39
37 40
37 42
38 43
39 43
41 43
42 43
43 59
54 55
45 46
50 49
64 57
68 66
68 67
68 75
68 79
68 82
65 74
65 82
74 66
74 67
74 69
74 72
74 75
79 72
79 81
79 83
82 67
66 78
78 72
78 81
78 84
83 72
83 80
83 81
83 84
67 81
67 84
81 69
81 84
84 72
84 80
84 85
84 87
69 80
85 90
85 93
86 92
87 92
88 89
88 92
89 98
90 97
90 98
91 98
92 95
92 96
92 97
93 98
94 98
95 99
96 99
97 99
