1
92
95
0 4
0 6
0 8
0 13
0 14
0 18
0 19
0 20
0 21
0 26
0 27
0 29
0 35
0 48
0 49
0 50
0 53
0 54
0 55
0 56
0 57
0 61
0 64
0 67
0 68
0 69
0 70
0 72
0 73
0 75
0 80
0 83
0 84
0 86
0 88
0 91
0 95
4 1
4 25
4 41
4 98
9 44
9 69
13 98
19 98
21 98
26 98
29 98
50 98
53 98
54 98
55 65
56 44
57 98
64 44
68 44
69 98
75 17
80 88
5 44
10 98
31 44
31 98
36 98
45 44
45 98
47 44
47 98
59 98
63 98
65 98
66 44
74 71
97 98
2 44
2 98
3 44
3 98
22 98
32 30
44 16
44 17
44 52
44 76
44 87
82 98
98 11
98 12
98 17
98 39
98 58
98 60
98 71
98 81
98 89
