0
99
0 1
0 47
0 21
0 13
0 23
0 31
0 33
0 36
0 37
0 53
0 61
0 68
0 69
0 71
0 74
0 76
0 78
0 82
1 18
1 82
1 36
1 72
21 34
21 36
21 10
21 82
21 28
21 68
57 5
57 7
57 18
57 33
57 34
57 54
57 56
57 58
57 29
57 14
57 8
57 39
57 60
57 51
57 4
57 80
57 75
57 3
57 64
57 66
7 82
82 29
82 38
82 44
82 50
82 53
82 54
82 56
82 64
82 78
82 81
82 41
82 72
82 74
82 23
82 16
82 80
82 24
82 75
36 5
36 45
36 60
36 62
36 59
36 15
36 74
36 64
36 24
36 56
36 63
36 70
6 13
30 56
12 13
16 13
70 22
74 60
53 15
59 76
38 13
56 24
56 66
78 13
62 13
64 13
19 79
14 13
10 48
13 55
26 15
55 15
