0
95
80 77
80 6
77 78
77 86
82 87
17 78
17 20
17 69
91 45
91 28
56 58
56 18
99 55
99 19
99 95
55 12
31 90
31 33
90 12
35 9
9 15
24 15
29 79
29 54
11 87
11 50
85 94
85 1
85 62
18 97
89 64
89 5
43 36
43 30
0 84
0 42
15 16
79 52
52 3
66 48
66 19
48 14
3 38
50 21
38 62
60 46
60 39
14 33
93 94
93 57
42 23
59 75
44 75
76 28
76 41
2 95
1 86
67 96
57 45
78 7
69 92
65 73
65 46
94 21
70 88
70 68
34 5
51 36
25 58
25 6
25 22
73 72
7 26
39 10
61 49
61 63
49 68
36 37
13 68
13 27
81 47
62 53
32 74
46 27
8 84
88 22
10 74
92 30
72 63
16 71
83 47
83 53
41 20
75 71
22 54
