1
59
100
0 36
0 68
3 80
3 96
9 80
9 96
10 80
11 80
11 96
12 80
13 80
17 96
18 96
19 96
21 96
23 96
28 80
28 96
31 80
31 96
34 96
35 96
37 80
37 96
39 80
40 80
40 96
41 96
44 80
44 96
46 96
47 80
47 96
50 80
50 96
51 96
53 80
54 96
57 80
57 96
58 80
58 96
61 80
63 80
64 96
66 96
67 96
69 96
72 80
72 96
74 80
74 96
76 80
78 96
84 96
85 96
87 96
90 80
90 96
92 80
92 96
94 96
95 80
1 96
2 96
7 80
14 80
26 96
29 80
29 96
30 96
33 80
42 80
42 96
48 80
49 80
49 96
56 80
56 96
62 80
65 8
65 96
71 96
81 96
82 80
83 96
96 6
96 8
96 16
96 24
96 38
96 55
96 89
6 80
8 80
24 80
45 80
89 80
38 80
55 80
