1
15
100
0 2
0 9
0 25
0 33
0 42
0 52
0 64
2 1
2 5
2 7
2 28
2 35
2 36
2 39
2 56
9 11
9 13
9 50
9 60
12 1
12 6
25 4
25 7
25 16
33 34
42 5
42 7
44 49
44 65
52 1
52 26
52 34
52 64
64 4
64 7
64 66
1 4
1 14
1 22
1 34
1 41
1 45
4 17
4 23
4 67
14 13
14 34
14 58
34 11
34 56
41 50
45 16
45 17
45 30
45 56
58 37
58 39
58 47
58 51
58 62
66 61
5 3
5 37
5 68
7 6
7 11
7 68
39 10
47 53
62 6
3 8
3 38
3 46
3 67
3 68
18 6
38 6
46 13
46 43
67 11
67 32
67 69
68 51
10 16
10 27
24 16
24 69
31 43
37 49
6 29
6 54
6 57
57 69
59 21
59 49
13 51
48 32
60 30
16 30
19 20
