2
3
56
100
0 57
0 60
0 69
0 73
0 75
0 82
0 86
0 95
37 9
37 12
37 16
37 24
37 28
37 51
37 54
37 69
37 70
37 74
37 80
37 90
57 19
57 58
57 62
57 92
60 6
60 11
60 16
60 25
60 27
60 28
60 33
60 40
60 46
60 50
60 66
60 81
60 97
69 96
75 7
82 14
82 41
82 78
82 90
92 1
92 5
92 7
92 13
92 17
92 24
92 33
92 36
92 53
92 67
92 72
92 79
92 84
92 88
92 95
95 29
95 96
30 9
77 7
25 31
25 45
62 15
62 32
62 74
62 90
63 96
64 85
64 99
74 72
74 96
74 99
22 85
45 85
81 96
17 96
21 99
49 96
54 7
55 85
79 19
79 28
50 96
59 99
72 91
24 96
7 27
7 89
7 99
27 96
99 48
99 52
99 58
99 96
80 35
32 96
96 39
96 68
