5
21
26
35
65
67
110
0 1
0 2
0 3
0 5
0 6
0 8
0 9
0 10
0 14
0 15
0 16
0 18
0 19
0 20
0 24
0 25
0 28
0 29
0 30
0 32
0 34
0 38
0 40
0 42
0 44
0 46
0 48
0 49
0 51
0 52
0 53
0 55
0 56
0 57
0 59
0 60
0 61
0 62
0 63
0 64
0 66
0 68
0 69
0 70
0 71
0 72
0 74
0 76
0 77
0 78
0 79
0 81
0 82
0 83
0 85
0 87
0 90
0 92
0 93
0 94
2 94
4 94
5 94
6 94
9 94
10 94
12 94
13 94
14 94
15 94
16 94
17 94
20 94
22 94
23 94
24 94
25 94
27 94
28 94
32 94
38 94
39 94
45 94
46 94
47 94
49 94
51 94
52 94
53 94
55 94
56 94
57 94
58 94
60 94
61 94
63 94
66 94
68 94
69 94
75 94
77 94
80 94
81 94
82 94
83 94
84 94
86 94
89 94
91 94
93 94
