5
73
45
19
10
48
105
54 0
54 34
88 8
88 4
88 95
4 41
4 24
4 86
4 99
4 64
4 92
4 2
4 9
4 85
41 56
47 66
68 99
68 34
68 70
39 56
56 3
56 89
81 2
86 0
97 8
97 63
80 8
80 23
80 93
59 66
59 82
59 55
59 42
59 93
59 25
59 21
59 8
59 52
59 62
59 63
66 15
66 0
66 26
66 36
66 44
66 67
65 70
65 71
50 99
50 63
60 63
63 71
63 5
63 72
63 31
63 32
63 82
63 21
63 90
63 8
63 12
63 33
63 84
63 85
71 70
94 23
5 0
2 8
2 99
8 16
8 92
8 13
8 44
70 37
70 75
70 93
70 42
70 87
70 78
70 51
70 52
95 51
16 34
34 58
34 0
34 24
93 23
93 61
96 0
7 0
51 99
99 20
99 26
99 23
69 0
40 23
31 0
13 0
26 0
74 44
0 44
0 62
0 37
33 23
44 23
