0
99
0 23
37 8
37 99
33 99
16 99
81 8
81 99
23 8
59 8
74 8
74 99
42 8
77 99
82 8
82 99
47 8
47 99
91 8
45 99
7 99
7 8
17 99
32 8
32 99
44 8
97 8
97 99
56 8
56 99
48 99
22 99
88 8
43 8
43 99
83 8
31 8
63 99
76 99
6 99
6 8
19 99
73 8
55 8
55 99
89 99
62 8
30 8
30 99
49 99
80 8
80 99
34 8
34 99
24 8
24 99
98 99
36 99
78 99
39 99
95 99
21 99
65 99
52 99
79 99
57 99
1 99
20 99
90 99
26 99
87 99
96 99
60 99
94 99
15 99
84 99
86 99
5 99
54 99
72 99
51 99
50 99
71 99
18 99
99 3
99 4
99 8
99 9
99 13
99 14
99 25
99 27
99 28
99 40
99 46
99 64
99 67
99 69
99 85
99 92
