0
99
0 45
0 51
0 37
45 42
45 84
51 54
65 33
65 69
37 28
42 53
84 16
78 26
21 59
21 81
54 20
54 55
62 14
62 39
11 55
33 8
69 57
69 10
28 83
46 58
88 24
88 48
88 73
1 25
1 58
50 79
22 99
22 39
25 68
79 99
79 35
92 16
92 52
24 3
99 95
20 93
68 56
87 41
87 70
19 14
19 36
80 75
80 71
13 91
13 90
13 94
77 32
77 67
77 95
91 17
90 43
94 74
32 83
67 47
53 14
3 85
59 61
36 64
82 29
82 8
6 18
6 89
61 49
61 73
75 9
4 57
4 47
47 18
15 52
15 96
5 12
5 43
12 9
29 7
71 10
23 81
7 63
44 41
44 48
63 48
63 60
31 98
31 76
26 70
60 66
49 96
98 52
76 96
27 56
55 70
30 97
74 72
66 73
34 86
72 38
