5
50
54
84
49
87
107
0 31
0 86
0 23
0 64
0 17
0 37
0 70
0 19
0 57
0 79
0 4
0 39
0 24
0 7
0 33
0 92
0 60
0 27
0 5
0 40
0 66
0 15
0 9
0 10
0 13
0 14
0 25
0 26
0 28
0 29
0 34
0 35
0 43
0 45
0 46
0 47
0 53
0 56
0 58
0 62
0 65
0 69
0 73
0 75
0 80
0 82
0 88
0 90
0 93
0 94
0 97
23 98
64 14
17 98
37 98
37 95
70 98
57 98
4 93
39 98
24 98
92 98
60 45
55 98
5 98
40 98
66 14
15 98
14 11
14 43
14 77
14 93
26 98
28 98
29 98
35 98
45 98
45 51
46 98
47 98
56 98
58 98
65 98
75 98
82 98
88 98
93 98
2 98
32 98
85 98
52 98
89 98
38 98
42 98
18 98
96 98
22 98
16 98
67 98
91 98
78 98
76 98
95 98
98 3
98 61
98 63
98 74
