5
23
24
39
4
61
102
0 7
0 8
0 26
0 42
0 44
0 69
7 16
8 60
8 82
26 2
26 5
26 15
26 28
26 34
26 38
26 43
26 85
69 41
1 58
1 64
1 67
1 83
5 27
5 32
5 36
5 50
5 52
5 65
5 67
5 70
5 84
54 25
54 41
54 65
54 84
58 2
58 3
58 9
58 30
58 40
58 45
58 52
58 73
64 40
67 88
83 9
83 29
83 52
83 87
83 88
15 28
15 78
16 74
36 74
36 84
37 70
11 59
11 82
12 40
34 32
34 60
34 63
84 46
27 74
55 18
55 75
65 68
65 81
70 25
70 59
10 59
18 60
21 68
41 81
41 82
72 40
80 40
46 76
82 25
82 59
82 62
82 87
9 63
63 25
63 30
87 68
59 62
59 76
66 81
14 53
40 25
40 45
40 47
53 25
53 48
53 73
25 81
28 76
78 68
74 73
68 33
68 49
