5
6
45
72
80
83
109
2 0
0 3
0 4
0 5
0 9
0 10
0 11
0 13
0 14
0 15
0 16
0 17
0 18
0 19
0 20
0 22
0 26
0 30
0 33
0 34
0 35
0 39
0 40
0 43
0 44
0 49
0 50
0 53
0 57
0 59
0 60
0 61
0 64
0 65
0 66
0 67
0 71
0 73
0 76
0 78
0 79
0 88
0 90
0 91
0 92
0 97
0 99
5 99
11 99
17 99
18 99
21 99
22 54
22 99
23 99
25 99
28 54
28 99
31 99
34 99
35 99
36 54
36 99
37 99
38 99
42 99
46 99
47 99
53 99
54 57
54 59
54 61
54 64
54 67
54 69
54 70
54 74
54 79
54 85
54 89
54 90
54 91
54 92
54 96
54 97
57 99
58 99
59 99
60 89
61 99
62 99
63 99
64 99
66 99
67 99
68 99
70 99
71 99
75 99
79 99
82 99
84 99
85 99
92 99
93 99
94 99
95 99
96 99
97 99
