5
15
26
59
65
69
107
0 1
0 4
0 6
0 7
0 8
0 10
0 11
0 12
0 13
0 17
0 20
0 21
0 22
0 23
0 24
0 29
0 32
0 33
0 35
0 36
0 38
0 40
0 44
0 46
0 48
0 51
0 53
0 54
0 55
0 58
0 60
0 61
0 62
0 64
0 73
0 74
1 10
1 22
1 74
2 10
2 74
3 74
4 74
5 74
6 74
7 74
8 74
9 74
10 74
11 74
12 74
13 74
14 74
16 74
17 74
18 74
19 74
20 74
21 74
22 33
23 74
24 74
25 74
27 74
28 74
29 74
30 74
31 74
32 74
33 74
34 74
35 74
36 74
37 74
38 74
39 74
40 74
41 74
42 74
43 74
44 74
45 74
46 74
47 74
48 74
49 74
50 74
51 74
52 74
53 74
54 74
55 74
56 74
57 74
58 74
60 74
61 74
62 74
63 74
64 74
66 74
67 74
68 74
70 74
71 74
72 74
73 74
