1
27
100
0 5
0 7
0 8
0 9
0 10
0 11
0 12
0 13
0 14
0 15
0 16
0 17
0 18
0 19
0 20
0 21
0 22
0 23
0 24
0 25
0 33
0 34
0 35
0 36
0 39
0 40
0 41
0 42
0 43
0 44
0 45
0 46
0 47
0 48
5 54
8 54
10 49
10 54
11 54
12 54
14 54
15 54
16 49
16 54
17 54
18 54
19 54
20 54
21 45
21 49
21 54
22 52
22 54
23 49
23 54
25 54
33 4
33 49
33 54
34 4
34 54
35 54
36 54
40 49
40 50
40 54
41 43
42 54
43 49
43 52
43 54
44 54
45 38
45 54
46 54
47 6
47 31
47 54
48 49
48 54
49 1
49 6
49 29
49 52
49 54
1 54
6 30
6 54
26 54
29 54
30 53
30 54
32 37
32 54
38 54
50 54
51 4
51 54
52 54
53 54
