5
51
9
66
61
89
103
7 65
7 3
7 5
65 22
65 93
41 98
41 94
1 92
1 78
1 43
22 52
93 49
81 90
81 87
48 62
48 55
62 60
62 44
62 8
83 24
83 97
83 2
40 60
40 43
40 87
55 26
55 29
60 77
8 28
63 34
63 31
28 70
70 34
34 78
31 23
31 94
71 59
71 90
71 43
16 19
16 94
19 39
19 2
15 42
15 6
15 64
73 92
73 26
73 46
68 67
68 12
68 85
52 39
52 27
67 99
20 21
20 84
20 79
12 46
12 0
12 14
85 82
76 64
59 53
59 35
75 29
64 37
32 10
32 29
6 69
56 95
56 92
56 37
18 78
18 23
11 95
11 77
11 96
77 53
90 79
13 72
98 35
86 57
23 82
82 0
57 92
33 99
80 69
54 79
47 84
96 10
72 88
72 14
58 24
58 38
35 4
2 95
37 49
53 0
99 46
17 38
21 10
88 84
