0
100
0 2
0 5
0 6
0 9
0 11
0 12
0 17
0 20
0 24
0 25
0 28
0 37
0 41
0 48
0 49
0 51
0 55
0 57
0 58
0 68
0 71
0 72
0 75
0 76
0 77
0 78
0 80
0 81
0 86
0 89
0 94
0 96
0 98
0 99
1 99
2 99
3 99
6 99
7 99
8 99
9 99
10 99
11 99
13 99
17 99
19 99
20 99
21 99
22 99
23 99
24 99
25 99
26 99
27 99
28 99
30 99
31 99
32 99
33 99
36 99
38 99
39 99
40 99
41 60
41 99
43 99
44 99
48 99
49 99
51 99
53 99
54 99
55 99
56 99
59 99
60 92
64 99
66 99
67 99
68 99
69 99
70 99
71 99
76 99
77 99
78 99
79 99
80 99
81 99
82 99
84 99
85 99
86 99
87 99
90 99
92 99
93 99
94 99
97 99
98 99
