3
63
53
21
102
1 0
1 4
1 5
1 22
1 77
0 3
0 36
0 22
2 30
4 6
4 14
5 8
5 12
22 18
22 19
22 31
22 41
77 92
3 7
37 85
36 46
36 50
38 49
88 59
88 87
7 9
7 86
7 81
20 10
92 14
92 46
92 50
6 10
6 69
6 19
14 18
8 67
8 33
12 34
12 82
12 57
13 28
10 49
29 32
33 39
33 57
33 62
69 93
19 41
19 56
81 18
81 56
11 17
27 35
67 48
67 97
75 89
49 44
49 68
17 59
98 72
98 82
34 96
34 50
82 64
57 70
57 85
42 40
42 44
15 25
15 45
55 45
55 84
55 70
45 31
45 78
45 76
58 32
56 35
56 40
56 76
56 93
56 74
51 52
51 74
51 89
80 85
94 85
50 79
62 48
93 46
93 70
71 87
84 79
84 91
72 46
72 87
48 76
48 89
60 89
46 89
97 85
