5
19
89
83
87
86
102
0 64
0 43
0 29
0 63
0 16
0 30
0 59
0 74
0 6
0 32
0 54
64 28
29 96
63 17
10 75
10 41
10 44
10 55
10 12
10 68
10 15
10 42
10 38
59 1
59 5
59 13
59 35
59 58
59 81
74 49
32 9
32 17
1 28
1 39
28 20
28 25
28 90
71 31
58 21
20 36
39 2
39 5
39 7
39 8
39 22
39 24
39 25
39 36
39 42
39 52
2 98
2 50
2 66
2 34
27 47
98 3
98 18
98 42
98 51
98 57
50 14
50 44
50 46
50 47
50 67
50 84
50 80
51 17
51 85
34 31
88 42
88 99
48 17
48 69
48 60
9 95
4 96
53 31
13 17
93 21
33 95
84 69
24 47
94 96
57 69
96 81
14 21
44 42
40 49
40 99
90 49
7 31
8 47
31 72
62 95
75 42
42 52
73 69
77 69
36 69
69 85
99 85
