0
99
0 83
0 99
2 99
3 83
10 83
11 99
16 15
16 57
16 71
16 83
16 99
22 99
23 99
24 83
24 99
27 83
37 99
39 83
39 99
47 83
49 83
50 99
52 83
52 99
53 83
54 83
57 83
59 99
61 99
68 83
68 99
69 99
71 99
73 83
73 99
76 99
79 83
81 83
82 83
83 4
83 14
83 17
83 18
83 36
83 43
83 44
83 46
83 55
83 56
83 62
83 63
83 64
83 65
83 66
83 67
83 70
83 75
83 77
83 80
83 84
83 85
83 88
83 90
83 91
83 92
83 93
83 94
83 96
83 98
87 99
88 99
91 99
93 99
98 99
99 4
99 7
99 12
99 15
99 17
99 19
99 21
99 25
99 28
99 29
99 34
99 38
99 43
99 44
99 55
99 62
99 65
99 66
99 67
99 70
99 72
99 77
99 78
99 86
99 92
