0
100
5 4
5 99
8 99
9 99
12 4
12 76
12 99
17 4
18 4
18 99
20 76
24 76
24 99
25 99
26 76
26 99
27 99
29 99
32 60
32 76
32 99
34 4
34 99
35 4
35 99
40 99
44 4
44 99
47 4
48 4
59 99
65 4
67 99
71 99
72 4
72 99
73 4
77 99
78 4
78 99
81 4
88 4
88 60
88 99
89 99
93 99
95 4
95 99
97 99
1 4
1 99
4 3
4 11
4 13
4 15
4 28
4 30
4 33
4 37
4 50
4 51
4 52
4 55
4 56
4 57
4 58
4 61
4 64
4 76
4 80
4 83
4 98
10 99
11 99
22 99
31 99
39 99
41 99
62 99
69 99
82 99
98 60
98 99
99 16
99 19
99 33
99 51
99 52
99 54
99 57
99 60
99 63
99 66
99 76
99 85
99 87
99 90
99 92
99 96
19 60
