0
93
0 13
0 99
11 99
36 99
54 99
63 99
5 99
4 99
77 99
31 99
26 99
8 99
46 99
88 99
2 99
57 99
61 99
12 99
96 99
13 99
39 99
95 99
27 99
45 99
66 99
62 99
75 99
24 99
92 99
29 99
44 99
41 99
82 99
98 99
99 3
99 9
99 15
99 16
99 17
99 18
99 21
99 22
99 23
99 35
99 50
99 51
99 53
99 55
99 56
99 58
99 59
99 64
99 65
99 67
99 68
99 69
99 72
99 73
99 74
99 78
99 80
99 81
99 86
99 87
99 94
99 47
99 14
99 43
99 52
99 10
99 25
99 38
99 70
99 48
99 60
99 42
99 34
99 84
99 6
99 90
99 19
99 33
99 40
99 93
99 49
99 76
99 7
99 28
99 30
99 97
99 1
99 85
83 21
