5
7
36
45
51
95
110
0 1
0 4
0 5
0 6
0 9
0 11
0 12
0 15
0 16
0 17
0 18
0 19
0 20
0 21
0 22
0 23
0 24
0 25
0 26
0 27
0 28
0 29
0 30
0 31
0 34
0 35
0 37
0 38
0 39
0 40
0 41
0 43
0 44
0 46
0 48
0 49
0 50
0 52
0 54
0 55
0 56
0 57
0 59
0 60
0 61
0 62
0 63
0 65
0 66
0 67
0 68
0 69
0 70
0 71
0 72
0 74
0 75
0 76
0 77
0 78
0 79
0 80
0 81
0 82
0 84
0 85
0 86
0 87
0 88
0 89
0 90
0 91
0 92
0 93
0 94
0 97
0 99
10 66
10 99
15 99
20 99
21 99
22 99
24 99
25 99
27 99
28 99
29 99
32 99
33 99
35 99
38 99
39 99
40 99
42 99
46 99
47 99
50 99
54 99
56 99
57 99
61 99
64 99
65 99
71 99
73 99
77 99
79 99
92 99
98 99
