0
100
0 11
0 36
0 40
0 49
0 62
0 81
1 81
1 83
4 56
6 40
6 54
6 95
11 38
11 56
11 83
15 38
15 49
15 83
30 38
30 42
30 64
30 81
31 36
31 49
40 5
40 9
40 21
40 24
40 33
40 38
40 41
40 42
40 60
40 62
40 64
40 70
40 71
40 75
40 76
40 78
40 86
40 89
45 38
45 95
47 89
47 95
48 38
49 83
56 54
56 83
57 54
57 83
63 83
63 95
75 83
81 95
7 83
24 54
24 95
33 95
39 95
41 95
55 54
72 54
73 74
83 16
83 21
83 23
83 32
83 35
83 42
83 50
83 51
83 54
83 66
83 74
89 54
90 95
92 54
2 54
14 54
14 95
16 95
23 95
54 13
54 19
54 20
54 50
54 67
54 79
54 82
54 85
54 94
54 95
64 95
3 95
32 95
95 20
95 38
95 42
