1
42
93
0 25
0 27
0 28
0 35
0 40
0 66
0 73
0 78
0 80
0 82
0 86
0 89
27 83
28 83
35 29
35 39
35 41
35 44
35 45
35 68
35 72
40 19
40 26
40 30
40 71
40 81
66 9
66 43
66 64
73 8
73 18
73 39
73 43
73 54
73 57
73 60
73 79
78 1
78 20
78 55
78 56
78 57
78 58
78 83
85 1
85 10
85 11
85 31
85 33
85 36
85 69
85 71
89 4
89 65
2 56
18 65
36 9
49 41
68 31
68 63
68 88
76 47
55 4
56 38
56 67
17 31
34 31
60 4
60 83
62 47
4 65
38 31
53 65
65 9
65 33
65 37
65 88
6 83
12 83
29 31
77 31
83 11
83 32
88 23
88 32
7 32
32 22
32 43
16 31
9 31
31 43
31 71
63 47
