5
1
16
19
91
93
110
0 3
0 6
0 7
0 8
0 10
0 11
0 12
0 13
0 14
0 15
0 17
0 18
0 20
0 22
0 23
0 24
0 25
0 26
0 27
0 28
0 29
0 30
0 31
0 32
0 33
0 34
0 35
0 36
0 37
0 38
0 39
0 40
0 41
0 42
0 43
0 44
0 45
0 46
0 47
0 48
0 49
0 50
0 51
0 52
0 53
0 54
0 55
0 56
0 57
0 59
0 60
0 62
0 63
0 64
0 65
0 67
0 68
0 69
0 70
0 71
0 72
0 73
0 75
0 76
0 77
0 79
0 80
0 82
0 83
0 84
0 85
0 86
0 87
0 88
0 89
0 90
0 92
0 94
0 95
0 96
0 97
0 98
0 99
3 99
10 99
11 99
25 99
28 99
30 99
35 99
38 99
41 99
42 99
44 99
45 99
49 99
55 99
58 99
61 99
63 99
70 99
73 99
74 99
78 99
81 99
82 99
85 99
88 99
89 99
96 99
