0
93
24 21
24 22
24 39
24 30
24 37
20 23
20 28
20 34
23 22
23 27
32 22
32 33
32 37
36 38
36 39
28 34
21 31
25 33
25 35
31 26
31 39
22 27
26 39
26 38
39 38
45 42
45 59
40 43
40 54
40 52
40 46
40 48
43 49
43 54
52 49
52 53
46 48
48 49
48 50
41 58
51 42
42 47
72 60
72 61
72 62
72 65
72 66
72 67
72 78
72 76
49 44
49 56
60 79
60 78
60 64
60 77
60 61
79 61
79 63
79 64
79 66
79 69
79 71
79 75
79 76
71 65
71 66
71 69
71 74
62 61
62 64
62 78
62 77
62 74
78 68
78 76
64 65
64 70
64 69
77 63
77 65
77 66
77 69
61 75
66 76
66 69
67 74
67 70
70 76
70 73
70 74
63 73
63 76
