5
10
15
25
53
76
110
0 1
0 2
0 7
0 11
0 13
0 14
0 17
0 18
0 19
0 20
0 21
0 22
0 26
0 30
0 33
0 34
0 35
0 43
0 44
0 46
0 48
0 50
0 52
0 55
0 60
0 61
0 62
0 64
0 68
0 70
0 71
0 72
0 73
0 74
0 78
0 79
0 80
0 84
0 87
0 91
0 95
0 96
0 98
0 99
2 99
3 99
4 99
5 99
6 99
7 99
9 99
11 99
12 99
13 99
17 99
18 99
19 99
20 99
21 99
22 99
23 99
26 99
28 99
29 99
31 99
33 99
34 99
35 99
36 99
40 99
42 99
43 99
44 99
45 99
47 99
48 99
50 99
51 99
52 99
56 99
58 99
59 99
60 99
61 99
63 99
64 99
66 99
67 99
68 99
69 99
74 99
75 99
77 99
80 99
81 99
82 99
83 99
84 99
85 99
87 99
88 99
89 99
90 99
91 99
92 99
93 99
94 99
95 99
96 99
97 99
