2
62
66
100
0 52
0 8
0 35
0 19
0 33
0 25
0 81
0 53
0 85
0 5
0 65
0 7
0 69
0 1
0 9
0 17
0 23
0 28
0 29
0 30
0 34
0 43
0 44
0 46
0 57
0 80
0 95
0 97
8 64
35 99
72 99
84 1
19 13
19 57
19 99
19 53
42 99
25 61
81 99
53 26
53 99
53 61
85 7
5 61
65 71
27 99
7 75
69 99
1 99
6 99
9 99
9 98
13 99
15 99
15 92
17 99
23 99
30 99
32 99
34 99
34 68
36 74
36 99
43 99
44 99
46 99
47 99
48 99
49 99
50 99
56 99
56 57
56 79
57 71
57 99
58 99
64 99
77 99
80 99
82 99
83 99
86 2
86 99
87 99
88 99
89 99
97 99
98 99
11 99
4 99
22 99
63 99
68 99
90 99
75 99
79 99
99 26
99 41
99 70
99 93
