5
43
44
67
19
76
106
0 4
0 6
0 7
0 18
0 21
0 22
0 24
0 37
0 40
0 50
0 60
0 61
0 63
0 66
0 71
0 75
0 78
0 79
0 86
0 88
4 55
6 13
13 9
13 10
13 12
13 15
13 27
13 34
13 42
13 53
13 55
13 58
13 65
13 75
13 82
13 85
13 87
13 88
18 54
22 14
22 36
24 55
37 36
40 14
40 89
66 14
66 55
71 14
71 36
71 55
71 89
78 29
78 70
86 55
86 64
86 89
1 89
8 36
10 36
28 89
42 14
59 55
70 3
70 89
85 55
87 89
89 16
89 27
89 32
89 35
89 39
89 54
89 62
89 64
89 81
2 23
2 36
32 36
32 55
36 17
36 25
36 38
36 39
36 49
36 52
36 68
36 77
36 84
55 12
55 27
55 33
55 38
55 39
55 45
55 64
55 77
69 14
31 14
47 14
33 54
62 14
27 14
35 14
83 14
65 14
73 14
