0
100
0 1
0 99
1 51
1 53
2 3
2 87
2 10
3 57
3 91
4 74
4 7
4 43
5 6
5 88
5 80
9 10
10 11
11 12
12 13
13 87
13 97
14 15
14 48
16 17
16 69
17 52
18 59
19 20
20 75
21 22
21 23
23 67
23 87
24 25
24 91
25 45
26 27
26 84
26 34
29 30
29 97
29 52
31 32
31 93
31 35
32 80
33 34
33 75
35 58
37 38
37 96
38 39
41 42
41 91
41 97
43 76
46 47
46 98
48 49
48 93
49 50
49 65
51 91
51 75
52 53
52 75
53 54
53 84
53 73
55 56
55 80
56 57
56 89
57 86
58 91
59 60
59 80
60 61
61 91
63 64
64 65
66 94
67 86
68 69
69 71
70 71
71 72
71 96
72 73
75 76
78 79
80 81
81 82
82 84
83 88
84 85
89 90
90 91
95 96
96 97
