5
37
25
16
24
68
109
0 1
0 3
0 8
0 12
0 17
0 23
0 27
0 28
0 32
0 36
0 38
0 39
0 41
0 42
0 44
0 49
0 50
0 51
0 52
0 55
0 59
0 61
0 63
0 64
0 66
0 70
0 71
0 73
0 76
0 77
0 78
0 79
0 81
0 82
0 86
0 87
0 90
0 91
0 92
0 95
0 96
0 99
1 99
3 99
8 99
17 99
28 99
32 99
36 78
38 78
38 99
39 78
41 78
41 99
42 99
51 78
61 99
63 78
64 78
64 99
66 78
66 99
71 99
73 99
78 4
78 7
78 9
78 13
78 29
78 48
78 53
78 72
78 90
78 91
82 99
87 99
90 99
92 99
95 99
99 4
99 6
99 7
99 9
99 13
99 14
99 18
99 20
99 22
99 26
99 29
99 30
99 33
99 34
99 35
99 40
99 43
99 45
99 47
99 48
99 54
99 56
99 57
99 62
99 69
99 75
99 84
99 88
99 89
99 97
