5
22
42
52
14
1
107
0 43
0 95
0 86
0 87
0 40
0 17
0 65
0 15
0 60
0 36
0 20
0 58
0 77
0 66
0 49
0 38
0 98
0 76
0 45
0 57
0 16
0 37
0 96
0 18
0 19
0 48
0 93
0 92
0 44
0 62
0 9
0 10
0 24
0 26
0 30
0 35
0 39
0 56
0 59
0 63
0 73
0 74
0 80
0 99
5 99
86 99
87 99
40 99
17 99
68 99
65 99
60 99
84 99
94 99
58 99
82 99
66 99
38 99
78 99
98 99
76 99
6 99
50 99
16 99
37 99
25 99
18 99
19 99
32 99
48 99
93 99
34 99
92 99
28 99
62 99
9 99
10 99
26 99
30 99
35 99
47 99
53 99
56 99
63 99
64 99
71 99
73 99
74 99
99 2
99 8
99 11
99 12
99 13
99 21
99 41
99 55
99 67
99 69
99 75
99 79
99 83
99 85
99 88
99 90
99 91
99 29
99 7
