0
100
0 7
0 12
0 15
0 17
0 19
0 21
0 30
0 31
0 33
0 34
0 43
0 44
0 45
0 49
0 54
0 58
0 63
0 66
0 69
0 75
0 76
0 77
0 78
1 80
2 69
2 72
2 80
3 80
4 80
5 80
6 80
7 80
9 80
11 15
11 19
11 41
11 80
12 80
13 80
14 80
15 80
17 80
19 80
20 80
21 72
21 80
22 80
23 80
24 80
25 80
27 80
29 80
30 80
31 80
32 80
33 80
34 80
35 80
36 80
42 80
43 80
44 80
45 80
46 80
48 80
49 80
51 80
52 80
53 80
54 80
55 80
56 80
58 80
59 80
62 80
63 80
64 80
65 80
66 80
68 80
69 57
69 80
70 80
73 80
74 80
76 80
77 80
78 8
8 80
18 80
26 80
28 80
37 80
41 80
50 80
57 80
60 80
61 80
71 80
79 80
