2
4
17
101
0 40
0 1
0 15
0 20
0 49
0 60
14 15
14 71
40 71
2 71
5 12
5 15
5 19
5 24
5 36
5 42
5 50
5 55
5 56
5 67
5 71
7 15
7 71
8 71
9 71
10 71
11 15
13 71
15 57
15 23
15 16
15 18
15 20
15 24
15 25
15 27
15 28
15 29
15 30
15 34
15 35
15 37
15 38
15 39
15 42
15 44
15 45
15 46
15 47
15 50
15 51
15 52
15 56
15 58
15 59
15 61
15 62
15 67
15 69
15 70
19 71
22 71
23 71
24 71
26 71
27 71
28 71
30 71
31 71
32 71
33 71
39 71
43 71
44 71
46 71
47 71
49 71
50 71
55 71
57 71
58 71
60 71
64 71
65 71
67 71
68 71
3 71
12 71
18 71
29 71
34 71
35 71
42 71
54 71
70 71
41 71
45 71
48 71
51 71
71 6
71 56
