5
23
13
9
5
63
108
0 12
0 21
0 4
0 32
0 98
40 12
91 62
31 4
31 32
55 4
86 4
86 62
76 4
51 75
51 62
67 4
67 15
67 62
90 4
90 12
90 62
37 75
37 98
12 2
12 24
12 93
12 54
12 80
12 49
12 89
12 21
12 32
12 16
12 81
12 85
12 19
54 4
54 98
54 62
56 4
25 98
21 4
21 8
21 14
21 19
21 35
21 62
21 77
21 26
21 49
21 78
21 61
21 94
21 58
21 64
26 62
17 4
17 98
61 4
61 98
57 98
4 2
4 3
4 78
4 15
4 52
4 41
4 64
4 94
4 53
4 35
4 93
4 65
4 48
4 95
4 85
4 43
4 60
36 98
78 62
32 10
32 22
65 62
42 98
42 62
15 62
58 62
66 98
95 62
60 62
60 98
96 62
97 62
24 62
24 98
98 3
98 22
98 41
98 50
98 62
7 75
22 62
68 62
85 62
71 62
81 62
83 62
77 62
