5
42
34
28
43
78
101
0 4
0 85
0 14
0 95
0 48
4 3
4 16
32 94
32 36
32 95
32 58
14 2
14 89
14 70
95 1
95 53
95 59
95 67
48 55
48 73
1 10
1 65
10 2
10 89
10 30
87 16
87 35
68 73
65 22
65 50
65 80
2 41
2 50
2 77
50 47
77 6
77 80
99 40
99 49
47 88
89 40
89 59
89 62
40 5
40 18
40 20
40 27
16 12
16 35
16 76
16 54
94 23
46 91
93 35
6 72
6 90
72 13
72 17
44 13
11 36
11 53
11 13
90 38
7 9
7 49
57 45
57 79
57 96
38 23
38 80
38 96
49 21
49 39
49 53
8 67
51 62
25 91
67 31
67 66
67 91
62 22
62 53
62 73
91 31
91 88
30 13
30 20
13 64
88 23
81 39
64 15
64 75
58 71
98 97
60 22
60 75
22 92
23 86
23 83
55 97
80 97
