5
4
96
25
58
72
104
0 33
0 21
75 92
77 76
77 95
63 76
63 95
36 3
36 92
30 3
38 37
82 32
97 13
97 34
97 37
52 13
52 37
18 32
11 5
11 10
11 37
11 26
11 13
60 23
60 32
60 87
50 5
50 14
50 20
50 39
50 46
50 91
2 67
2 41
2 94
67 6
67 7
67 12
67 19
67 28
67 35
67 43
41 6
41 39
41 43
41 94
41 53
41 83
41 86
41 99
28 6
43 6
86 53
86 94
94 20
94 32
94 46
94 53
94 62
3 9
22 9
22 54
22 98
9 79
5 46
5 20
5 91
5 14
5 62
5 37
46 20
46 39
46 62
46 91
46 99
20 14
20 91
20 39
20 99
91 14
91 53
91 62
91 99
14 6
14 39
14 62
14 99
62 6
62 39
62 99
99 6
99 39
99 93
39 6
57 32
8 79
40 95
54 23
54 79
48 95
17 95
66 95
71 95
76 95
