5
8
15
43
64
92
110
0 1
0 29
0 36
0 50
0 57
0 71
0 78
0 85
1 2
1 9
1 16
1 22
1 23
1 29
1 30
1 36
1 37
1 44
1 51
1 57
1 58
1 65
1 71
1 72
1 78
1 79
1 86
1 93
22 2
22 9
22 16
22 23
22 29
22 30
22 36
22 37
22 44
22 51
22 57
22 58
22 65
22 71
22 72
22 78
22 79
22 85
22 86
22 93
29 50
29 79
29 85
36 50
36 79
36 85
50 2
50 9
50 16
50 23
50 30
50 37
50 44
50 51
50 57
50 58
50 65
50 71
50 72
50 78
50 79
50 85
50 86
50 93
57 79
57 85
71 79
71 85
78 79
78 85
85 2
85 9
85 16
85 23
85 30
85 37
85 44
85 51
85 58
85 65
85 72
85 86
85 93
79 3
79 10
79 17
79 24
79 31
79 38
79 45
79 52
79 59
79 66
79 73
79 80
79 87
79 94
13 98
34 98
14 99
70 99
84 99
