0
100
0 1
0 2
0 3
0 4
0 5
0 6
0 9
0 10
0 11
0 13
0 14
0 16
0 17
0 18
0 21
0 22
0 24
0 25
0 27
0 28
0 29
0 30
0 34
0 35
0 37
0 39
0 40
0 41
0 43
0 44
0 45
0 46
0 47
0 49
0 52
0 53
0 54
0 55
0 57
0 58
0 60
0 61
0 62
0 64
0 65
0 66
0 68
0 69
0 71
0 73
0 74
0 75
0 76
0 77
0 78
0 79
0 80
0 81
0 82
0 85
0 86
0 88
0 90
0 91
0 92
0 94
0 95
0 96
0 97
0 98
2 98
5 98
6 98
7 98
11 98
13 98
14 98
17 98
18 98
29 98
32 98
33 98
35 98
46 98
47 98
50 98
59 98
60 98
61 98
63 98
64 98
65 98
69 98
76 98
79 98
83 98
90 98
92 98
93 98
95 98
