0
86
0 1
0 51
21 63
21 22
11 1
11 12
2 62
2 3
12 13
22 63
23 63
23 24
13 14
3 62
4 62
4 5
14 15
24 63
25 63
25 26
15 16
5 62
6 62
6 7
16 17
26 63
27 63
27 28
17 18
7 62
8 18
8 62
28 63
29 19
29 63
19 9
9 62
10 68
10 62
20 30
20 68
30 68
63 31
63 41
63 32
63 33
63 34
63 35
63 36
63 37
63 38
63 39
63 40
31 32
42 52
52 61
53 61
53 54
43 33
43 44
34 45
44 45
54 61
54 45
55 61
56 61
56 45
56 57
46 45
46 47
36 35
36 45
37 38
47 48
57 61
58 61
58 59
48 49
39 40
49 50
59 61
60 68
60 61
68 50
66 67
35 45
