5
11
64
68
19
81
104
0 8
0 9
0 10
0 14
0 16
0 21
0 22
0 24
0 25
0 26
0 27
0 28
0 31
0 37
0 38
0 42
0 45
0 51
0 52
0 54
0 59
0 75
0 76
0 87
0 93
8 30
8 73
8 80
9 40
10 97
14 26
14 56
14 57
14 97
16 1
16 5
16 13
16 20
16 22
16 23
16 25
16 29
16 31
16 33
16 43
16 44
16 47
16 56
16 69
16 72
16 78
16 86
16 90
16 91
16 97
21 66
25 30
26 30
27 12
28 12
31 12
37 30
43 67
51 12
52 97
76 12
92 12
92 97
5 97
39 97
63 97
79 97
88 12
3 12
3 97
17 12
17 60
17 97
35 12
46 12
49 97
86 12
86 70
12 15
12 47
12 53
12 56
12 97
32 44
48 97
53 30
53 97
71 97
80 97
83 97
84 97
95 30
97 30
97 47
97 55
97 70
29 30
94 30
30 62
