5
51
64
75
44
62
101
0 93
0 89
0 17
0 81
93 14
93 87
89 14
89 39
89 48
89 25
17 46
17 10
38 21
38 87
38 3
38 99
2 30
30 8
30 87
85 48
85 90
85 88
3 29
29 88
71 39
4 72
4 19
4 95
72 59
72 9
72 80
77 24
77 57
5 88
5 9
5 41
98 43
88 67
88 14
88 19
88 60
7 58
7 9
7 61
31 69
31 22
58 91
18 52
18 13
18 28
92 11
10 66
66 91
66 78
66 15
11 84
12 79
12 20
63 56
13 54
13 37
54 32
15 99
15 56
99 26
99 35
99 73
99 97
99 96
16 49
60 73
60 23
46 55
46 74
52 82
52 23
20 90
21 23
53 35
53 68
26 81
27 70
78 95
69 68
69 43
32 86
32 50
50 33
33 82
82 68
34 49
34 56
36 97
36 80
36 42
90 43
41 57
42 67
47 59
47 83
83 70
