0
100
0 90
2 90
3 90
4 73
4 90
5 90
6 90
9 90
11 64
11 90
12 90
13 90
14 63
14 64
14 90
17 64
18 90
19 90
21 90
23 90
25 29
25 90
28 90
29 64
30 73
30 90
31 90
32 90
34 73
34 90
35 90
36 64
36 73
36 90
38 90
39 90
42 69
42 90
43 73
43 90
45 90
46 73
46 90
49 90
51 64
51 90
54 64
54 90
56 90
58 90
59 70
61 90
62 73
62 90
64 90
65 90
67 90
68 90
69 90
70 90
73 1
73 8
73 15
73 16
73 40
73 48
73 72
73 77
73 80
73 82
73 87
74 90
76 90
77 90
78 90
79 90
80 90
81 90
82 90
85 90
86 90
87 90
89 90
90 1
90 7
90 8
90 10
90 15
90 16
90 22
90 27
90 40
90 41
90 48
90 50
90 52
90 60
90 71
90 72
90 88
