2
5
94
99
2 42
3 55
4 40
6 55
7 52
7 54
8 42
10 15
10 46
10 54
11 15
11 55
14 54
15 18
15 19
15 20
15 26
15 45
15 46
15 47
15 48
19 55
21 55
22 55
26 54
27 40
27 54
33 55
55 96
56 96
57 95
57 96
58 95
58 96
59 95
59 96
60 95
60 96
61 95
61 96
62 95
63 95
63 96
64 95
64 96
65 95
65 96
66 95
66 96
67 95
67 96
68 95
68 96
69 96
70 96
71 95
71 96
72 95
72 96
73 95
73 96
74 95
74 96
75 96
76 95
76 96
77 95
77 96
78 95
78 96
79 96
80 95
80 96
81 96
82 95
82 96
83 96
84 95
84 96
85 96
86 95
86 96
87 95
87 96
88 96
89 96
90 96
91 95
91 96
92 96
93 96
95 99
95 96
95 97
95 98
96 97
96 98
97 99
98 99
