4
97
46
31
49
100
0 71
0 61
0 11
0 13
0 86
0 94
12 2
12 58
12 16
12 26
12 27
12 37
12 56
12 69
61 22
1 10
1 72
1 27
56 21
56 17
56 74
10 62
58 5
58 22
58 7
99 34
99 78
99 17
99 81
99 38
99 76
2 62
62 26
62 4
62 87
25 82
25 5
3 6
3 18
6 66
6 19
65 17
65 45
65 90
65 86
65 19
4 66
53 67
5 21
5 43
5 67
78 11
78 38
78 37
78 23
96 57
96 73
96 87
96 32
96 52
96 28
96 63
66 67
66 80
66 87
19 22
7 80
86 38
43 81
85 60
13 80
15 80
73 17
73 67
11 63
59 42
67 16
67 37
67 51
67 55
80 40
80 63
80 57
14 60
60 50
89 17
89 38
17 34
17 77
22 20
22 45
22 93
22 94
20 32
48 26
26 42
82 47
27 28
28 68
28 45
