0
100
0 2
0 3
0 6
0 7
0 9
0 10
0 13
0 15
0 16
0 18
0 22
0 23
0 25
0 27
0 28
0 29
0 30
0 31
0 34
0 35
0 41
0 43
0 44
0 46
0 48
0 51
0 52
0 55
0 56
0 57
0 61
0 63
0 64
0 65
0 68
0 69
0 71
0 74
0 76
0 77
0 78
0 82
0 83
0 85
0 88
0 92
0 93
0 94
0 97
0 99
2 99
4 99
7 99
10 99
12 99
15 99
19 99
20 99
21 99
23 52
24 99
25 99
26 99
28 99
30 99
36 99
38 99
39 99
40 99
45 99
47 99
50 99
52 89
53 78
55 99
57 99
58 99
59 99
60 99
61 99
64 99
66 99
67 98
70 99
71 99
72 99
73 99
74 99
77 99
78 99
81 99
84 99
85 99
86 99
87 99
89 99
91 99
92 99
93 99
94 99
