5
59
33
73
29
32
92
36 77
53 83
53 54
55 54
68 84
16 84
16 77
16 0
84 13
84 85
84 66
84 0
84 69
84 78
84 28
84 11
84 82
18 0
18 83
18 94
19 0
0 23
0 38
0 71
0 46
0 28
0 77
0 39
0 86
0 43
0 15
0 1
8 94
41 77
41 83
60 3
5 83
83 11
83 20
83 49
83 81
83 14
83 82
83 38
83 6
83 27
83 12
83 37
83 10
50 51
75 54
61 43
91 54
87 77
87 94
52 3
78 77
74 54
38 54
34 94
10 54
54 82
54 43
54 57
54 71
54 44
54 58
54 39
54 69
54 6
54 1
66 3
2 3
4 3
4 94
51 94
43 77
69 77
85 37
85 77
93 94
88 77
47 94
48 77
62 94
49 94
80 86
6 77
6 94
94 11
37 77
77 76
