1
12
98
0 46
0 10
0 26
46 34
46 50
46 97
49 74
49 75
1 44
1 86
1 47
44 62
44 94
86 75
86 45
2 77
2 6
2 7
77 70
77 13
77 82
6 37
6 11
3 5
3 65
3 31
3 95
5 69
65 73
4 20
21 50
21 40
21 79
13 88
13 95
73 61
43 16
43 30
37 19
11 98
11 28
7 78
32 27
8 15
8 45
8 99
95 56
9 91
82 29
82 35
82 51
10 38
10 39
79 45
79 22
98 75
98 58
64 85
88 53
28 63
28 74
30 87
30 63
48 59
87 83
87 54
87 90
76 19
76 47
76 71
76 81
53 74
53 27
57 56
57 93
57 58
35 42
35 59
35 68
35 72
85 78
85 25
23 34
23 47
47 67
47 69
25 93
93 55
36 55
39 81
39 89
40 69
40 70
70 96
54 99
74 71
74 62
62 92
