5
7
53
55
87
3
108
0 9
0 10
0 12
0 15
0 16
0 20
0 28
0 42
0 57
0 60
0 67
0 68
0 73
0 76
0 80
0 82
0 91
0 93
9 13
9 95
10 13
12 43
15 43
20 13
28 82
28 95
57 13
60 71
67 13
67 38
68 13
68 38
68 94
68 95
71 6
71 11
71 18
71 19
71 21
71 32
71 33
71 34
71 40
71 43
71 46
71 63
71 65
71 72
71 91
71 92
82 13
82 21
82 52
91 38
93 95
1 38
17 38
35 95
37 43
37 95
38 21
38 26
38 36
38 40
38 52
38 59
38 74
38 92
51 13
65 13
65 95
72 43
25 95
27 13
41 13
41 43
45 95
49 43
56 43
66 95
84 13
88 95
13 29
13 32
13 39
13 46
13 50
13 74
13 75
13 79
13 81
13 95
43 31
43 34
43 40
43 61
43 70
43 74
43 78
43 86
52 95
62 95
77 95
50 95
79 95
11 95
61 95
89 95
