5
92
65
58
10
35
107
0 7
0 60
4 60
4 99
5 60
6 7
7 8
7 9
7 14
7 16
7 18
7 19
7 22
7 23
7 26
7 27
7 28
7 29
7 31
7 32
7 37
7 39
7 40
7 45
7 46
7 47
7 51
7 52
7 54
7 56
7 57
7 59
7 63
7 70
7 71
7 88
7 89
7 90
7 98
7 99
9 60
9 99
14 99
19 60
22 60
31 60
31 99
33 60
39 60
43 60
45 99
46 60
56 60
59 99
60 15
60 16
60 20
60 24
60 25
60 32
60 37
60 40
60 42
60 44
60 47
60 49
60 55
60 61
60 68
60 70
60 75
60 76
60 81
60 84
60 86
60 87
60 89
60 90
60 91
60 94
60 95
60 97
70 99
80 99
87 99
97 99
11 99
12 99
30 99
37 99
38 99
42 99
49 99
55 95
55 99
64 99
67 99
75 99
77 99
86 99
88 99
44 99
74 99
93 99
94 99
78 99
99 32
