5
32
48
80
86
90
110
0 1
0 2
0 3
0 4
0 5
0 6
0 7
0 9
0 10
0 11
0 12
0 13
0 14
0 15
0 17
0 18
0 19
0 21
0 22
0 24
0 25
0 26
0 27
0 28
0 30
0 31
0 33
0 36
0 37
0 38
0 39
0 40
0 42
0 43
0 44
0 45
0 46
0 47
0 49
0 50
0 51
0 52
0 53
0 55
0 56
0 57
0 58
0 61
0 62
0 63
0 64
0 65
0 66
0 67
0 68
0 69
0 70
0 71
0 72
0 73
0 74
0 75
0 77
0 78
0 79
0 82
0 83
0 84
0 85
0 88
0 89
0 91
0 92
0 93
0 94
0 95
2 95
5 95
9 95
10 95
12 95
14 95
16 95
17 95
18 95
22 95
25 95
27 95
28 95
40 95
44 95
45 95
49 95
52 95
53 95
56 95
66 95
67 95
70 95
71 95
72 95
74 95
81 95
82 95
83 95
84 95
85 95
88 95
91 95
93 95
