0
100
0 4
0 5
0 7
0 8
0 13
0 17
0 18
0 19
0 20
0 23
0 25
0 26
0 27
0 28
0 29
0 31
0 32
0 34
0 37
0 38
0 41
0 43
53 94
53 99
55 94
55 95
56 95
57 94
57 98
58 95
58 99
59 94
59 95
60 99
62 95
62 99
65 94
65 98
65 99
61 95
61 99
66 95
66 99
64 99
67 94
67 99
68 94
68 99
74 94
74 95
73 99
72 94
72 99
75 94
75 95
75 99
76 94
76 99
78 94
78 95
78 99
79 94
79 99
80 94
80 99
81 94
81 99
82 94
82 95
82 99
84 94
84 99
86 94
86 95
86 99
87 94
87 99
83 95
83 99
85 94
85 95
85 99
89 94
89 99
90 94
90 99
88 99
92 99
93 94
93 99
91 94
91 99
96 94
97 94
97 95
97 99
98 94
98 99
94 95
95 99
