5
27
18
95
8
56
108
37 34
37 99
21 99
3 65
15 0
19 32
98 34
74 0
76 34
34 88
34 31
34 62
34 44
34 53
34 43
34 24
34 90
34 54
34 96
34 41
34 70
34 42
34 87
34 16
34 94
34 89
34 51
34 93
54 99
54 29
54 0
99 71
99 48
99 62
99 44
99 67
99 16
99 33
99 36
99 86
99 51
99 55
99 53
99 11
99 47
99 9
99 89
99 92
99 58
99 84
99 25
99 1
99 87
99 75
99 17
99 94
99 28
99 49
49 0
9 0
88 0
72 0
72 29
36 29
28 29
7 29
52 29
22 0
40 0
5 0
69 32
51 0
24 32
41 32
41 65
32 12
32 0
32 80
32 90
32 43
32 65
20 29
75 29
50 65
50 29
38 29
82 29
13 0
11 0
17 29
64 29
78 65
80 29
39 29
12 65
0 97
0 83
0 23
0 94
46 29
68 29
93 29
65 85
92 29
94 29
85 29
6 29
83 29
