5
86
95
60
92
98
110
0 2
0 3
0 4
1 7
1 40
1 50
1 53
1 61
1 67
1 70
1 75
1 81
1 89
1 93
3 97
7 6
7 45
7 48
7 56
7 79
7 89
27 83
27 44
27 16
27 71
27 51
27 78
27 69
27 31
27 49
27 50
27 55
27 67
27 75
27 76
27 89
27 90
27 93
27 94
27 97
40 5
40 74
50 97
50 74
53 97
61 74
67 5
67 97
70 97
75 97
75 74
81 97
81 74
89 97
93 97
29 97
45 74
55 74
59 74
62 97
65 97
88 97
25 97
33 18
77 18
90 5
90 18
90 74
90 97
94 18
94 74
97 18
97 9
97 78
97 49
97 10
97 31
97 87
97 64
97 96
97 17
97 48
97 35
97 23
97 19
97 85
97 54
30 18
15 74
19 74
72 5
87 5
96 5
96 18
96 74
96 99
42 74
43 74
5 47
5 54
10 74
85 18
85 78
80 74
35 74
56 74
58 74
48 18
48 74
64 74
