0
96
0 3
0 98
0 91
3 5
3 18
3 77
98 19
98 84
98 78
15 37
15 8
15 61
29 26
29 20
29 97
29 69
37 17
37 82
37 56
37 63
37 65
18 9
19 28
19 67
84 30
84 24
84 64
89 10
78 68
1 72
1 49
72 87
23 88
23 34
23 62
7 4
7 66
49 92
68 11
87 8
87 75
87 56
88 93
88 82
34 2
36 9
62 81
62 27
42 17
42 58
42 63
42 43
58 46
58 80
63 33
43 50
96 94
53 25
53 90
35 8
38 99
38 46
56 93
56 12
65 48
4 26
22 59
44 81
66 21
66 83
30 61
30 97
25 85
50 99
8 16
83 93
83 20
11 75
16 76
75 48
32 47
85 74
95 73
95 74
45 76
45 86
14 28
28 27
28 40
97 54
97 94
86 99
31 71
99 52
99 79
99 94
