5
64
68
84
34
42
100
7 99
83 94
39 98
39 99
39 94
98 24
98 56
98 11
98 87
97 22
97 29
97 75
97 41
97 72
97 67
97 31
81 32
81 2
81 1
81 33
81 53
81 41
19 85
19 23
19 63
19 54
85 1
85 21
86 66
86 94
59 1
16 3
47 22
47 2
47 70
8 0
8 66
60 3
96 66
96 17
29 57
28 66
28 10
28 22
28 77
66 56
66 63
0 25
0 95
0 6
0 71
0 73
0 99
90 53
44 1
44 3
3 51
3 54
3 14
3 11
3 37
82 1
12 79
12 10
51 53
75 94
38 1
1 72
1 37
1 21
49 77
13 2
2 9
2 10
35 31
71 32
36 22
36 70
36 53
70 41
70 79
76 67
76 53
76 57
67 99
67 14
4 10
53 14
53 33
53 11
92 99
69 10
17 11
17 94
17 20
94 72
94 99
99 15
22 23
79 45
