5
22
33
10
67
44
104
0 1
0 14
0 15
0 16
0 17
0 21
0 32
0 40
0 54
0 59
0 61
0 70
0 76
1 8
1 21
1 25
14 8
14 45
15 79
16 25
16 45
21 28
21 45
32 25
32 28
32 64
40 25
40 45
40 59
54 25
54 70
59 2
59 19
59 20
59 29
59 42
59 50
59 60
59 72
59 74
59 79
64 2
64 11
64 20
64 25
64 28
64 52
64 73
64 75
64 79
70 3
70 13
70 23
70 27
70 34
70 37
70 52
70 58
70 73
76 8
76 45
76 73
2 79
8 27
8 34
8 38
8 45
8 46
8 49
8 50
8 62
8 69
8 71
24 25
24 45
25 18
25 27
25 30
25 31
25 49
25 51
25 62
25 73
25 77
25 78
50 28
50 48
35 66
45 4
45 5
45 11
45 38
45 29
45 39
45 60
45 71
79 5
79 13
79 28
79 48
79 58
28 29
48 39
18 66
