5
25
57
80
34
79
105
0 1
0 2
0 4
0 6
0 14
0 16
0 18
0 22
0 23
0 48
0 62
0 64
0 88
0 89
0 91
0 93
0 95
1 81
2 38
4 5
4 14
4 29
4 35
4 53
4 87
4 99
6 99
14 66
16 5
16 23
22 75
23 27
23 28
23 43
23 61
23 68
23 81
23 85
23 93
48 81
62 66
62 71
64 75
64 81
64 99
81 5
81 31
81 47
81 59
81 61
81 63
81 71
81 72
81 94
91 29
91 66
19 5
19 29
19 75
24 66
30 66
30 99
44 99
17 29
17 66
17 99
55 66
72 75
78 75
98 10
3 75
9 75
32 75
42 66
42 75
42 99
51 29
51 99
52 66
52 75
53 5
75 29
75 45
75 61
75 65
75 83
75 97
76 99
5 15
5 35
29 20
29 59
29 65
74 66
99 21
99 71
68 66
7 66
66 10
66 20
66 26
66 58
66 59
66 65
66 85
