0
92
0 99
0 98
0 23
1 2
1 3
1 99
99 4
99 97
2 3
98 96
23 22
23 24
21 19
21 20
4 6
4 62
5 7
6 12
6 34
7 9
8 9
8 10
12 10
12 13
34 32
9 10
9 11
82 81
82 89
10 11
56 90
13 14
14 15
15 16
15 17
38 75
16 17
17 18
18 19
19 43
20 93
20 29
54 53
96 94
43 41
93 92
93 95
29 27
29 28
24 57
50 48
50 49
50 76
25 26
25 27
25 95
26 28
57 58
59 63
35 33
35 36
30 31
31 33
78 76
78 77
78 80
40 42
87 86
87 91
37 39
39 41
75 74
75 76
75 77
85 83
85 86
42 44
46 47
47 48
47 49
53 71
71 69
71 72
90 88
65 67
66 67
66 68
73 74
79 80
81 83
83 84
89 91
