5
32
14
46
9
20
101
8 2
8 3
8 13
8 23
12 15
12 52
12 19
12 59
12 31
12 55
12 27
12 53
15 37
15 31
15 11
2 26
52 25
52 10
52 56
52 41
52 22
52 55
25 50
25 11
25 35
25 48
25 6
3 0
3 34
3 11
3 51
3 27
19 27
19 6
19 41
19 17
19 37
27 6
27 58
27 59
27 0
30 37
30 22
30 47
30 21
30 42
44 35
44 11
44 36
44 40
44 58
44 43
44 39
44 37
13 59
13 45
13 26
0 34
22 38
22 29
6 37
6 42
6 29
6 26
37 49
37 29
37 28
5 40
49 31
49 24
49 36
50 31
58 56
58 53
58 40
35 36
21 29
21 41
21 43
45 17
45 23
48 34
31 28
38 33
18 34
56 53
56 51
56 17
28 43
28 57
23 24
36 54
36 53
24 4
34 43
11 33
53 1
4 26
29 16
26 10
7 41
