1
22
100
88 7
88 90
88 96
88 97
7 32
62 16
62 19
62 3
50 99
50 98
50 84
99 73
99 63
99 52
83 93
17 78
17 76
17 18
17 36
17 38
17 24
25 27
25 6
94 75
94 16
94 71
33 15
12 31
12 97
12 98
31 11
97 45
97 9
97 11
97 79
75 23
75 86
69 16
69 61
72 73
73 28
28 40
28 55
93 45
93 71
93 24
67 0
0 21
0 76
0 92
0 46
90 54
90 55
90 61
84 80
16 98
32 64
32 26
32 56
64 30
76 87
56 91
56 5
56 10
30 70
96 57
38 3
38 60
98 45
80 95
95 40
95 15
95 55
39 77
39 60
45 8
86 10
86 8
86 58
10 58
52 43
52 77
68 47
77 58
77 24
63 21
34 18
18 79
23 49
42 92
42 46
42 81
21 70
40 44
40 15
15 74
87 85
87 81
8 11
92 4
