0
100
0 81
2 81
2 99
3 34
3 81
3 99
4 99
5 81
5 99
6 81
6 99
7 81
7 99
8 99
9 99
10 81
10 99
11 99
12 99
13 99
14 81
14 99
15 81
15 99
16 99
17 99
18 99
19 99
20 99
21 99
22 99
23 99
24 99
25 99
26 99
27 99
28 99
29 99
30 99
31 99
32 99
33 99
1 99
47 81
50 81
54 81
55 81
56 81
57 81
58 81
61 81
62 81
63 81
65 81
65 99
66 99
67 81
67 99
68 99
69 81
69 99
70 99
71 99
72 99
73 99
74 99
75 81
75 99
76 81
76 99
77 81
77 99
78 81
78 99
79 99
80 99
81 83
81 85
81 86
81 89
81 90
81 94
81 96
81 98
82 99
83 99
84 99
85 99
86 99
87 99
88 99
89 99
90 99
91 99
92 99
93 99
94 99
95 99
96 99
97 99
