5
1
3
6
52
63
110
0 4
0 12
0 13
0 24
0 46
0 49
0 66
0 67
0 74
2 74
4 11
4 74
5 11
5 74
7 11
7 74
8 74
9 74
10 11
10 74
11 12
11 13
11 21
11 22
11 25
11 28
11 31
11 32
11 33
11 34
11 35
11 40
11 42
11 43
11 44
11 48
11 51
11 53
11 54
11 59
11 60
11 61
11 62
11 65
11 66
11 67
11 69
11 70
11 71
11 72
12 74
13 74
14 74
15 74
16 74
17 74
18 74
19 74
20 74
21 74
22 74
23 74
24 74
25 74
26 74
27 74
28 74
29 74
30 74
31 74
32 74
33 74
34 74
35 74
36 74
37 74
38 74
39 74
40 74
41 74
42 74
43 74
44 74
45 74
46 74
47 74
48 74
49 74
50 74
51 74
53 74
54 74
55 74
56 74
57 74
58 74
59 74
60 74
61 74
62 74
64 74
65 74
66 74
67 74
68 74
69 74
70 74
71 74
72 74
73 74
