2
39
41
99
0 30
0 44
0 2
0 26
0 46
0 47
0 56
0 67
63 32
63 35
63 56
63 57
63 10
63 48
63 84
44 14
1 80
1 37
1 53
1 66
1 71
1 54
1 79
1 51
1 8
1 48
29 38
29 77
29 46
29 12
29 45
29 50
29 56
29 66
80 50
66 50
71 67
71 81
71 13
54 74
54 56
99 33
99 78
99 13
99 94
99 65
99 23
99 20
99 5
79 50
2 85
2 50
38 34
38 68
3 13
43 40
74 18
74 68
92 47
22 67
13 7
13 68
26 50
93 33
93 50
4 50
5 50
25 50
20 88
50 59
50 15
47 88
47 87
90 56
90 49
6 56
56 32
56 57
56 84
24 68
24 88
8 34
57 68
59 88
18 98
10 88
52 91
69 32
45 68
19 68
64 68
14 88
35 68
35 72
28 68
46 68
88 77
77 68
83 60
