5
28
33
37
39
43
110
0 1
0 2
0 3
0 4
0 6
0 8
0 9
0 10
0 11
0 12
0 13
0 14
0 16
0 17
0 18
0 19
0 20
0 21
0 22
0 24
0 26
0 27
0 29
0 30
0 31
0 32
0 35
0 36
0 38
0 41
0 42
0 44
0 45
0 46
0 47
0 49
0 50
1 2
1 50
2 3
2 4
2 8
2 9
2 11
2 12
2 13
2 14
2 15
2 16
2 17
2 19
2 20
2 22
2 24
2 26
2 27
2 31
2 32
2 34
2 35
2 38
2 40
2 41
2 42
2 44
2 45
2 47
2 49
3 50
4 50
5 50
6 50
7 50
8 50
9 50
10 50
11 50
12 50
13 50
14 50
15 50
16 50
17 50
18 50
19 50
20 50
21 50
22 50
23 50
24 50
25 50
26 50
27 50
29 50
30 50
31 50
32 50
34 50
35 50
36 50
38 50
40 50
41 50
42 50
44 50
45 50
46 50
47 50
48 50
49 50
