5
55
54
42
87
35
101
13 33
13 66
33 39
33 46
66 47
66 56
66 49
99 53
73 6
73 34
73 61
1 7
1 98
1 51
37 79
37 62
37 92
69 50
39 92
39 17
46 80
46 61
20 90
81 5
81 31
81 8
45 92
45 58
57 63
38 62
38 94
44 85
44 52
93 79
93 72
93 10
93 6
93 58
48 32
48 58
62 82
62 70
17 12
92 6
28 70
76 19
76 15
82 12
82 36
70 6
19 5
19 56
15 51
15 95
43 12
43 77
58 47
6 68
5 4
5 40
4 64
4 78
11 26
11 83
11 95
11 61
56 10
56 80
56 61
24 85
21 47
72 22
72 0
50 14
0 26
22 77
9 47
10 88
12 41
12 78
53 41
53 68
53 75
88 47
88 95
26 32
32 18
32 41
77 30
77 65
41 65
25 91
98 94
94 60
94 61
78 49
51 64
59 61
30 29
30 34
49 85
