0
99
0 3
0 14
0 15
0 24
0 27
0 31
0 32
0 33
0 39
0 41
0 50
0 55
0 56
0 64
0 70
0 73
1 64
1 73
2 73
3 73
4 73
5 73
6 73
7 73
8 73
9 64
9 73
10 73
11 53
11 73
12 73
13 73
14 73
15 73
16 64
16 73
17 73
18 73
19 73
20 73
21 73
22 73
23 73
24 73
25 73
26 73
27 73
28 73
29 73
30 73
31 73
32 73
33 73
34 73
35 73
36 73
37 73
38 73
39 64
39 73
40 73
41 73
42 73
43 73
44 73
45 64
45 73
46 73
47 73
48 64
48 73
49 53
49 73
50 73
51 73
52 73
53 63
53 65
53 70
53 73
54 73
55 73
56 73
57 73
58 73
59 73
60 73
61 73
62 73
63 73
64 72
65 73
66 73
67 73
68 73
69 73
70 73
71 73
72 73
