5
22
48
53
18
13
103
0 3
0 7
0 8
0 9
0 11
0 14
0 17
0 20
0 21
0 23
0 25
0 26
0 28
0 32
0 34
0 37
0 38
0 40
0 43
0 46
0 47
0 49
0 54
0 55
0 57
0 58
0 60
0 61
0 62
0 65
0 66
0 67
0 68
0 70
1 70
3 11
3 70
7 11
8 11
8 32
8 70
11 2
11 5
11 10
11 15
11 16
11 17
11 23
11 27
11 30
11 32
11 34
11 38
11 39
11 40
11 41
11 42
11 43
11 46
11 49
11 52
11 54
11 57
11 58
11 62
11 64
11 66
11 67
14 70
21 70
26 70
34 70
37 70
40 70
43 70
47 70
49 70
54 59
54 70
55 70
57 70
60 70
61 70
66 70
67 63
70 2
70 4
70 10
70 15
70 24
70 29
70 30
70 44
70 45
70 50
70 51
70 59
70 63
70 64
70 69
24 31
24 45
39 27
