5
16
22
45
6
34
105
0 1
0 3
0 4
0 9
0 10
0 11
0 20
0 23
0 31
0 33
0 35
0 41
0 44
0 46
0 47
0 48
0 50
1 2
1 5
1 10
1 13
1 17
1 23
1 26
1 29
1 31
1 33
1 35
1 46
1 47
1 49
3 10
3 26
3 40
3 50
4 10
9 12
9 13
9 15
9 20
9 23
9 24
9 25
9 26
9 29
9 47
9 48
10 12
10 14
10 18
10 20
10 30
10 31
10 33
10 35
10 39
10 48
10 49
11 43
11 46
11 50
20 43
20 50
23 26
23 40
23 50
31 43
31 46
33 37
33 46
33 50
40 2
40 14
40 17
40 19
40 24
40 27
40 36
40 50
41 43
44 50
46 7
46 8
46 14
46 15
46 17
46 18
47 26
47 38
47 50
50 2
50 7
50 29
50 30
50 42
50 43
13 43
29 37
15 43
7 43
12 24
12 43
19 43
8 43
39 43
