5
1
89
33
31
10
109
0 56
0 75
0 29
0 72
0 17
0 12
0 80
0 77
0 64
0 2
0 99
0 42
0 41
0 65
0 46
0 53
0 79
0 74
0 91
0 39
47 99
62 79
45 99
76 79
76 99
56 79
67 79
67 99
25 79
25 99
94 79
72 99
88 79
9 79
9 99
48 79
86 79
86 99
15 99
38 99
61 79
17 99
32 99
90 99
63 99
69 79
69 99
52 99
27 99
78 79
11 99
12 99
12 79
50 79
22 79
21 79
21 99
28 79
28 99
77 99
77 79
8 99
8 79
97 79
64 99
64 79
37 99
37 79
2 79
99 4
99 5
99 13
99 14
99 18
99 19
99 20
99 26
99 30
99 44
99 53
99 55
99 57
99 58
99 66
99 68
99 73
99 74
99 82
99 83
99 84
99 91
58 79
14 79
3 79
42 79
87 79
65 79
5 79
82 79
79 18
79 20
79 49
79 57
79 60
79 70
79 98
79 91
79 92
79 83
