5
77
91
49
82
78
110
0 29
6 29
7 21
7 99
8 29
8 99
10 29
12 29
13 29
14 29
15 99
20 21
20 99
23 99
26 29
29 5
29 17
29 18
29 19
29 22
29 24
29 25
29 28
29 30
29 32
29 33
29 38
29 40
29 41
29 43
29 48
29 51
29 53
29 54
29 58
29 59
29 61
29 66
29 68
29 69
29 79
29 80
29 81
29 84
29 86
29 87
29 89
29 94
29 95
29 96
29 97
33 21
33 99
34 21
34 99
41 99
42 99
44 21
46 21
50 21
50 99
54 99
56 99
59 21
59 99
62 21
63 99
65 99
67 99
70 99
71 99
72 21
72 99
79 21
83 21
87 21
87 99
4 99
11 99
19 99
28 21
28 99
32 21
35 21
37 99
55 21
55 99
57 21
58 21
58 99
90 99
2 99
24 99
27 99
31 21
40 99
85 99
88 21
88 99
92 21
99 16
99 18
99 21
99 22
99 25
99 48
99 53
99 76
53 21
25 21
