0
98
0 2
0 99
1 3
2 4
3 5
4 6
5 6
7 8
7 9
8 10
9 10
11 12
11 13
12 14
13 15
14 16
15 17
16 17
18 19
18 20
19 21
20 22
21 23
22 24
23 25
24 25
26 27
26 28
27 29
28 29
30 31
30 32
31 32
33 34
33 35
34 35
36 37
36 38
37 38
39 40
39 41
40 41
42 43
42 44
43 44
45 46
45 47
46 48
47 49
48 50
49 50
51 52
51 53
52 54
53 54
55 56
55 57
56 58
57 59
58 60
59 61
60 62
61 62
63 64
63 65
64 66
65 66
67 68
67 69
68 70
69 70
71 72
71 73
72 74
73 75
74 76
75 76
77 78
77 79
78 79
80 81
80 82
81 83
82 84
83 84
85 86
85 87
86 87
88 89
88 90
89 90
91 92
91 93
92 94
93 95
94 96
95 97
97 98
