5
81
88
89
90
93
106
0 1
0 2
0 3
0 4
0 6
0 7
0 8
0 9
0 10
5 13
5 14
5 15
5 16
5 18
5 19
5 20
11 27
12 23
12 25
12 28
24 39
27 39
32 47
34 45
42 54
42 56
48 54
49 59
66 80
69 76
71 82
71 85
71 86
71 87
72 82
72 85
72 86
72 87
73 82
73 85
73 86
73 87
74 82
74 85
74 86
74 87
75 82
75 85
75 86
75 87
76 82
76 85
76 86
76 87
77 82
77 85
77 86
77 87
78 82
78 85
78 86
78 87
79 82
79 85
79 86
79 87
80 82
80 85
80 86
80 87
82 91
82 95
82 96
82 97
82 98
83 91
83 92
83 94
83 96
83 97
83 98
84 91
84 92
84 94
84 97
84 98
85 92
85 94
85 95
85 96
85 98
86 92
86 95
86 96
86 97
86 98
87 91
87 94
87 95
87 97
87 98
91 99
92 99
94 99
95 99
96 99
