0
91
0 62
0 84
0 18
0 41
62 72
62 64
84 18
1 23
61 11
61 71
61 64
23 20
23 59
2 73
2 9
73 5
73 27
73 63
73 71
73 79
3 69
69 24
69 53
69 30
69 45
55 13
55 10
4 88
88 46
88 78
88 64
5 27
5 80
5 86
27 15
27 37
27 32
6 36
6 59
11 44
11 29
7 45
7 47
19 53
19 83
8 83
8 60
83 76
57 52
57 51
9 25
33 85
33 30
10 46
10 20
46 17
46 54
44 79
12 89
12 14
13 16
13 42
40 41
40 72
16 68
17 60
60 26
43 25
43 48
82 64
22 65
22 72
78 32
65 32
25 72
72 35
26 49
48 87
30 66
31 81
32 71
32 77
85 77
38 41
38 74
38 87
49 87
39 71
47 64
51 76
52 67
