5
37
12
3
15
59
102
0 6
0 26
0 52
0 53
0 58
0 75
0 76
0 83
0 91
6 66
25 13
25 52
25 79
25 82
25 89
26 80
52 99
53 5
53 38
53 40
53 68
53 70
53 84
53 99
58 11
58 22
58 31
58 39
58 50
58 62
58 65
76 65
1 45
1 86
1 88
1 94
42 80
66 11
66 23
66 56
66 68
66 69
66 73
72 65
86 65
94 65
2 56
2 65
2 77
40 89
43 96
56 7
56 10
56 20
65 4
65 24
65 30
77 31
77 34
77 55
77 95
16 20
16 50
16 96
98 80
99 4
99 7
99 29
99 38
99 50
99 62
99 90
5 54
5 89
41 89
47 50
47 64
70 64
13 96
22 80
29 64
46 80
54 7
54 21
54 28
54 49
54 62
54 63
54 67
54 68
89 23
89 39
89 74
28 64
62 71
36 64
36 96
63 80
96 64
38 64
68 64
64 32
