0
100
0 6
0 39
0 57
3 17
3 99
4 17
4 99
5 17
5 99
6 17
6 99
7 99
8 17
9 17
10 99
11 99
13 17
13 99
15 17
15 99
16 17
16 99
17 1
17 2
17 14
17 19
17 21
17 22
17 25
17 26
17 27
17 28
17 31
17 35
17 36
17 37
17 38
17 39
17 41
17 43
17 47
17 49
17 50
17 52
17 99
19 99
22 99
23 99
25 99
28 99
29 99
30 99
31 99
32 99
33 99
35 99
36 99
37 99
41 99
42 99
43 99
46 99
47 99
56 99
57 99
62 99
66 99
69 99
70 99
74 99
75 99
82 99
89 99
90 99
91 99
92 99
93 99
96 99
97 99
98 99
1 99
14 99
24 99
26 99
45 99
50 99
51 99
53 99
59 99
67 99
68 99
76 99
80 99
81 99
83 99
84 99
85 99
99 2
99 49
99 63
