0
100
69 55
69 80
69 3
69 1
69 45
69 16
69 93
69 70
69 90
24 27
5 58
5 25
5 70
73 70
73 13
73 27
73 50
73 87
73 80
54 92
54 93
54 37
54 90
54 88
54 40
54 25
54 62
54 86
55 93
55 90
55 71
55 19
80 70
80 11
80 27
80 15
80 75
80 65
80 84
20 48
20 91
20 41
20 18
46 41
4 93
14 93
76 93
76 84
3 41
1 41
12 0
26 93
26 41
62 93
2 93
43 93
27 41
93 82
93 92
93 81
93 23
93 42
93 70
93 59
93 11
93 52
93 8
93 28
93 84
93 22
93 57
93 21
93 66
93 19
93 77
93 86
93 90
93 39
93 25
0 41
68 41
90 41
67 41
23 41
19 41
11 41
89 41
88 41
52 41
21 41
34 41
49 41
36 41
29 41
33 41
22 41
39 41
57 41
41 8
41 63
