0
100
0 30
0 36
0 90
1 90
2 90
3 90
4 90
5 90
6 90
7 90
8 90
9 90
10 19
10 90
11 90
12 90
13 90
14 90
15 90
16 90
17 90
18 29
18 90
19 90
20 90
21 90
22 90
23 24
23 59
23 90
24 90
25 90
26 90
27 90
28 90
29 90
30 36
30 90
31 90
32 90
33 90
34 90
35 90
36 90
37 90
38 54
38 90
39 90
40 90
41 90
42 90
43 90
44 90
45 90
46 90
47 90
48 90
49 90
50 90
51 83
51 90
52 90
53 90
54 90
55 90
56 90
57 90
58 90
59 90
60 90
61 90
62 90
63 90
64 90
65 90
66 90
67 90
68 90
69 90
70 90
71 90
72 90
73 90
74 90
75 90
76 90
77 83
77 90
78 90
79 90
80 90
81 83
81 90
82 90
84 90
85 90
86 90
87 90
88 90
89 90
