5
15
36
48
88
51
104
0 1
0 4
0 18
0 28
0 35
0 41
0 50
0 58
0 62
0 70
0 73
0 74
0 80
0 87
0 89
1 5
1 23
4 23
4 93
18 23
21 5
21 10
21 16
21 23
21 24
21 28
21 29
21 34
21 39
21 45
21 49
21 53
21 56
21 59
21 71
21 77
21 87
21 90
28 5
28 46
41 5
41 23
41 73
41 93
58 93
70 5
70 93
73 19
73 26
73 33
73 46
73 60
73 64
73 69
73 74
73 82
73 90
87 5
87 23
89 93
5 2
5 11
5 12
5 14
5 22
5 33
5 42
5 44
5 55
5 59
5 64
5 66
5 68
5 84
6 23
6 93
23 17
23 24
23 27
23 33
23 67
23 72
23 81
23 85
57 46
68 93
78 93
29 93
33 46
33 93
61 46
85 46
3 46
3 93
46 8
46 24
46 82
47 93
90 93
93 7
93 20
93 42
93 43
93 53
