5
56
59
61
69
98
104
0 5
0 7
23 30
26 30
30 38
37 44
46 49
47 49
47 52
48 53
48 57
49 51
49 57
49 58
50 57
50 58
51 54
51 57
51 58
51 60
52 57
52 58
52 60
53 55
53 57
53 58
53 60
53 62
54 57
54 58
54 60
54 62
54 63
55 57
55 58
55 60
55 63
55 64
57 58
57 62
58 65
58 67
60 62
62 63
62 64
62 65
62 66
62 67
62 68
62 70
62 71
64 71
64 72
65 67
66 68
66 72
67 74
67 76
70 78
72 78
72 80
75 83
76 82
79 88
81 82
83 92
84 91
84 92
85 92
85 94
86 91
86 92
86 94
87 88
87 91
87 92
87 94
88 91
88 92
88 94
89 92
89 94
89 97
90 91
90 93
90 94
90 97
90 99
91 92
91 93
91 94
91 99
92 93
92 95
92 97
92 99
93 94
93 99
94 95
94 96
94 97
95 99
96 99
97 99
