5
67
70
92
71
55
107
0 80
0 99
1 99
1 80
3 80
3 99
5 99
9 80
9 99
12 80
12 99
15 80
15 99
17 80
17 99
18 99
23 80
26 99
27 99
27 80
30 99
30 80
31 99
33 80
33 99
35 99
39 99
40 99
46 80
47 80
49 80
49 99
51 80
53 99
56 99
66 80
66 99
72 80
77 80
80 14
80 36
80 42
80 48
80 58
80 79
80 2
80 7
80 8
80 16
80 21
80 24
80 34
80 44
80 50
80 52
80 59
80 61
80 74
80 82
80 87
80 90
80 97
80 98
80 91
82 99
83 99
87 99
88 99
91 99
93 99
96 99
98 99
99 16
99 20
99 21
99 36
99 43
99 44
99 48
99 54
99 58
99 60
99 62
99 65
99 74
99 75
99 79
99 81
99 7
99 13
99 22
99 24
99 29
99 32
99 34
99 38
99 42
99 45
99 50
99 52
99 59
99 63
99 64
99 68
99 73
99 76
99 94
