2
79
49
97
0 66
0 3
0 4
0 19
0 74
0 45
0 29
0 99
0 91
0 96
0 86
0 20
0 92
0 54
0 57
0 8
0 65
66 7
3 24
3 89
3 47
1 74
78 33
78 58
78 43
78 89
14 91
2 29
2 86
2 99
38 51
38 55
38 48
29 11
42 43
42 39
20 90
74 55
74 72
45 13
6 53
72 23
8 43
97 98
97 23
63 76
63 73
63 99
63 81
28 23
10 99
41 23
41 54
41 99
41 76
41 70
11 67
48 94
50 62
13 23
13 64
16 91
17 32
17 23
18 24
18 37
18 23
19 43
80 70
80 67
89 43
21 47
95 73
22 96
23 88
23 91
23 37
23 31
99 75
99 76
99 91
99 70
99 98
43 55
43 93
43 27
43 59
84 73
96 76
32 52
32 75
52 87
35 62
76 60
76 94
67 58
58 91
