2
10
45
100
0 12
0 14
0 17
0 23
0 26
0 34
0 35
0 43
0 53
0 54
0 57
0 65
0 66
0 67
0 80
0 85
0 89
0 98
12 64
14 33
17 76
23 33
23 72
23 82
34 64
43 82
53 33
53 64
53 72
54 99
64 20
64 21
64 22
64 33
64 39
64 48
64 52
64 55
64 60
64 70
64 76
64 99
65 28
65 72
66 33
80 72
89 72
98 72
98 76
98 82
3 72
3 76
5 33
5 76
15 33
37 72
42 72
50 82
56 33
61 72
83 76
97 33
75 33
75 76
28 33
55 72
55 82
88 72
93 33
4 58
11 33
30 33
59 82
72 8
72 9
72 39
72 47
72 48
76 46
76 60
76 82
46 33
20 33
8 82
21 99
31 33
31 82
33 24
33 71
33 78
33 79
33 90
33 36
33 38
33 48
33 63
94 82
96 82
60 82
82 39
