5
69
66
26
78
37
104
0 48
0 88
48 7
43 54
43 88
1 79
46 7
46 55
46 59
4 57
4 63
53 18
53 52
53 84
2 13
2 49
2 8
51 18
51 61
13 10
13 32
13 55
70 67
70 89
49 83
49 57
49 40
49 86
16 87
16 67
16 52
83 19
83 33
83 38
83 71
83 50
83 89
35 6
35 88
57 36
57 80
57 18
57 65
57 85
19 24
19 68
19 76
19 80
9 63
6 25
6 72
6 24
25 63
72 31
72 80
72 88
52 18
52 59
7 56
7 89
41 81
8 55
8 14
55 33
20 54
20 79
20 80
30 45
30 10
30 60
10 34
58 44
75 76
27 64
27 88
12 61
12 64
14 71
86 23
23 33
87 54
77 76
67 45
67 63
17 42
17 76
42 88
42 71
18 50
54 76
54 62
79 38
79 33
85 45
85 82
38 33
22 28
84 33
29 24
28 74
31 47
44 65
65 73
73 82
