5
36
51
5
72
39
102
0 92
0 49
0 48
92 7
92 10
92 79
92 85
92 98
95 22
95 31
95 44
48 13
48 83
48 74
1 87
1 11
1 82
87 26
87 86
40 14
40 77
40 50
40 96
11 55
82 38
82 41
82 64
82 86
2 34
2 52
2 29
2 41
2 88
2 75
2 7
34 81
29 38
29 80
41 20
26 4
26 23
26 45
26 84
88 65
88 67
88 83
75 25
7 38
4 22
4 8
4 80
4 61
4 17
3 9
3 38
23 81
23 45
23 64
22 80
22 33
22 99
79 32
9 28
9 57
9 44
9 62
38 54
60 99
8 98
80 20
80 24
80 33
80 59
80 62
80 98
57 20
37 33
77 24
77 35
32 21
32 50
93 44
93 66
93 89
62 94
86 58
85 46
85 69
85 81
43 35
18 33
19 20
25 20
15 71
54 35
16 69
69 27
76 20
76 35
33 96
33 66
35 94
