5
19
21
59
87
96
86
0 1
0 11
10 22
10 26
11 22
11 23
2 7
2 9
2 30
3 6
30 26
30 31
30 32
12 14
23 24
23 28
28 31
28 36
13 14
14 16
15 17
16 17
17 25
24 29
24 36
36 35
36 37
31 34
37 39
37 40
32 41
33 34
33 42
35 44
35 48
42 43
42 47
48 47
48 49
40 45
40 52
50 49
50 51
39 45
45 51
45 54
52 53
46 58
47 58
54 53
54 55
54 56
55 56
61 70
61 72
58 68
69 68
69 70
63 74
65 64
68 76
71 70
72 73
73 77
73 79
67 66
67 75
67 76
66 80
75 76
80 82
76 83
77 85
79 78
83 82
83 84
78 85
78 98
85 92
97 98
81 86
82 88
90 89
92 91
92 93
94 93
