0
88
0 1
0 2
2 7
7 25
23 25
23 24
4 5
5 6
5 9
6 9
9 10
9 11
9 12
9 13
9 14
9 15
9 16
9 17
9 18
9 19
9 20
9 21
8 25
25 26
25 27
32 33
32 49
48 49
28 30
30 31
30 34
31 34
34 36
34 37
34 38
34 39
34 40
34 41
34 42
34 43
34 44
34 45
34 46
49 35
50 51
52 57
57 58
57 75
73 75
53 55
53 56
54 55
55 59
56 59
59 60
59 61
59 62
59 63
59 64
59 65
59 66
59 67
59 68
59 69
59 70
75 74
75 77
75 82
76 78
82 99
98 99
78 80
79 80
80 81
81 84
84 85
84 87
84 88
84 89
84 90
84 92
84 93
84 94
84 95
84 96
83 99
99 86
99 91
