5
18
19
59
64
75
110
0 1
0 2
0 5
0 6
0 8
0 14
0 15
0 21
0 22
0 23
0 30
0 31
0 34
0 35
0 38
0 40
0 41
0 43
0 45
0 50
0 51
0 54
0 57
0 60
0 61
0 62
0 67
0 72
0 73
0 80
0 81
0 82
0 91
0 94
0 96
0 98
0 99
1 99
3 74
3 99
6 99
8 99
9 99
12 74
12 99
14 99
15 99
16 74
16 99
20 99
21 99
23 99
27 99
31 99
32 99
33 99
34 99
38 99
39 99
40 99
41 99
44 99
45 99
46 74
46 99
48 99
49 99
51 99
60 99
61 99
63 99
65 99
66 74
66 99
67 99
68 99
71 99
73 99
77 74
80 99
82 99
85 99
86 99
89 99
90 99
91 99
94 99
96 99
98 99
99 4
99 7
99 10
99 11
99 24
99 25
99 28
99 29
99 37
99 42
99 52
99 56
99 58
99 78
99 79
99 83
99 84
99 87
99 88
99 93
99 97
