5
22
68
74
86
45
110
0 18
0 20
0 21
0 36
0 40
0 43
0 49
0 52
0 60
0 64
0 72
0 81
0 84
0 87
0 97
0 99
0 27
0 80
0 85
0 94
3 99
4 99
7 99
8 53
8 99
9 53
9 99
11 53
11 99
12 99
13 99
14 99
16 99
17 99
18 99
19 99
20 99
21 99
23 99
29 99
30 99
31 99
33 53
36 99
37 99
40 99
43 99
44 99
46 99
47 99
49 99
51 99
52 99
53 50
53 73
53 81
53 87
53 88
53 54
53 60
53 61
53 85
54 99
57 99
58 99
59 99
60 99
62 99
63 99
66 99
70 99
71 99
72 99
73 99
76 99
78 99
81 99
82 99
83 99
87 99
88 99
90 99
91 99
92 99
93 99
95 99
99 1
99 2
99 24
99 26
99 27
99 28
99 34
99 35
99 38
99 41
99 42
99 48
99 50
99 55
99 56
99 61
99 65
99 67
99 69
99 75
99 85
99 15
99 25
99 32
