5
58
65
90
94
98
110
0 11
0 46
0 48
0 52
0 55
0 57
0 62
0 63
0 68
0 71
0 83
0 93
0 99
1 99
2 99
3 99
4 23
4 99
5 99
6 99
7 99
8 73
8 99
9 99
10 99
11 99
12 99
13 99
14 99
15 99
16 99
17 99
18 99
19 99
20 99
21 57
21 99
22 99
23 99
24 99
25 99
26 99
27 99
28 99
29 99
30 99
31 99
32 99
33 99
34 99
35 99
36 99
37 99
38 99
39 99
40 99
41 99
42 99
43 99
44 99
45 69
45 99
46 99
47 99
48 99
49 99
50 99
51 99
52 57
52 99
53 99
54 99
55 99
56 99
57 99
59 99
60 99
61 99
62 99
63 99
64 99
66 99
67 99
68 99
69 99
70 99
71 99
72 99
73 99
74 99
75 99
76 99
77 99
78 99
79 99
80 99
82 99
83 99
84 99
85 99
86 99
87 99
88 99
89 99
91 99
92 99
93 99
95 99
96 99
97 99
