5
7
18
69
93
1
107
0 5
0 13
0 16
0 17
0 19
0 24
0 27
0 31
0 36
0 38
0 41
0 43
0 46
0 56
0 62
0 68
0 74
0 79
0 89
0 92
0 94
0 95
0 96
11 61
13 92
16 15
16 53
16 61
16 80
16 81
16 87
16 88
16 90
16 94
16 97
24 92
24 97
26 92
31 97
38 61
38 92
41 92
53 61
53 97
56 61
58 92
62 97
68 61
75 61
79 92
91 97
92 3
92 6
92 9
92 14
92 20
92 28
92 35
92 39
92 40
92 44
92 45
92 48
92 63
92 64
92 67
92 71
92 76
92 86
92 87
92 88
95 61
96 97
25 97
32 97
37 61
37 97
44 97
59 97
66 97
73 61
82 97
97 3
97 9
97 10
97 15
97 21
97 33
97 40
97 42
97 47
97 48
97 51
97 76
97 88
97 90
2 61
6 61
51 61
61 14
61 15
61 22
61 52
61 71
61 80
61 87
61 90
