5
4
20
33
38
97
101
0 3
1 2
1 85
1 46
2 61
2 23
2 71
3 87
3 10
5 16
5 39
7 8
7 78
7 80
8 9
8 71
9 30
9 56
9 87
10 11
10 37
10 18
11 12
13 14
13 46
13 66
14 15
16 17
16 50
16 70
17 18
17 98
18 55
18 31
21 22
21 91
22 23
23 24
23 70
25 48
27 64
27 77
29 68
29 78
29 92
30 60
31 32
31 85
35 84
36 50
39 40
39 77
39 56
40 78
41 42
42 43
43 61
44 60
45 55
46 59
49 50
49 70
50 73
50 86
51 72
51 99
52 53
53 64
57 69
59 69
60 61
61 62
61 66
62 63
62 76
63 64
65 66
66 67
67 68
67 75
67 99
69 70
71 83
72 73
73 74
74 75
74 92
74 99
75 87
77 78
78 99
81 82
82 83
82 87
84 85
85 86
86 87
87 94
87 99
90 91
94 95
