5
56
38
24
30
27
94
0 99
41 99
75 99
37 99
86 99
9 99
91 99
14 99
5 67
5 99
17 99
21 99
53 99
7 99
60 99
16 99
26 99
77 99
83 99
88 99
57 99
13 93
13 99
97 99
62 99
54 99
32 99
87 99
43 99
82 99
20 99
12 99
73 99
46 99
64 99
90 99
78 99
81 99
55 99
22 99
94 99
40 99
71 99
42 99
35 99
3 99
61 99
89 99
59 99
49 99
66 93
66 99
39 99
96 99
69 99
51 99
18 99
98 99
31 99
72 99
50 99
45 99
63 99
76 99
48 99
67 99
52 99
99 1
99 8
99 28
99 2
99 44
99 4
99 36
99 34
99 6
99 79
99 10
99 11
99 85
99 68
99 15
99 70
99 95
99 19
99 29
99 25
99 74
99 47
99 33
99 80
10 93
93 44
93 85
