5
35
61
62
64
79
102
0 1
1 2
1 3
3 5
4 5
4 6
5 8
12 16
13 16
13 18
14 16
15 16
15 17
15 19
15 20
19 20
19 23
20 23
21 23
22 23
23 24
23 25
23 29
24 26
24 28
24 29
25 26
25 27
26 27
27 28
27 29
29 30
30 36
36 37
36 40
38 39
43 45
44 45
45 46
47 48
48 49
50 52
50 56
52 56
53 55
53 58
54 55
58 59
59 63
63 66
65 66
65 67
66 67
66 68
66 71
66 72
67 68
67 69
69 70
69 71
69 72
69 73
73 77
73 78
74 77
75 77
75 78
76 77
76 81
77 78
77 80
77 81
80 81
80 82
80 83
80 84
81 82
81 83
81 84
81 85
83 84
83 86
84 85
85 86
86 87
86 88
87 88
87 89
87 91
87 92
89 90
90 92
90 93
90 94
90 95
90 96
91 92
91 93
93 95
93 96
94 96
95 96
