5
15
20
30
36
41
102
1 5
2 5
4 5
5 11
5 12
6 9
6 10
6 11
7 9
7 11
7 12
8 9
8 11
8 12
9 13
9 14
10 13
10 14
10 16
11 16
12 13
12 16
13 17
13 18
14 18
14 19
16 17
16 19
17 21
17 22
17 23
18 21
18 23
18 24
19 22
19 23
19 24
21 26
21 27
21 28
22 25
22 26
22 28
23 27
23 28
24 25
24 26
24 27
25 29
25 31
25 32
26 31
26 32
27 29
27 31
28 29
28 32
29 33
29 34
31 34
31 35
32 33
32 35
33 37
33 39
33 40
34 38
34 39
34 40
35 37
35 38
35 39
37 42
37 43
38 42
38 43
39 44
40 42
40 44
42 46
42 47
42 48
43 45
43 46
43 47
43 48
44 45
44 46
44 47
44 48
45 49
45 51
45 52
46 49
46 50
47 50
47 52
48 51
48 52
49 53
50 53
51 53
