2
2
87
100
0 24
0 35
0 47
0 57
0 74
0 94
0 95
0 96
0 9
0 15
0 28
0 41
0 50
0 51
0 61
0 72
0 75
0 76
0 81
0 91
24 34
35 43
46 16
46 18
46 19
46 34
46 45
46 52
46 54
46 58
46 65
46 67
46 76
46 97
46 99
47 34
47 43
57 43
74 43
74 81
94 34
94 97
96 34
28 14
28 99
28 37
43 7
43 11
43 18
43 3
43 78
43 53
43 70
43 5
43 38
43 99
43 23
43 13
43 27
43 42
43 91
43 79
51 6
61 34
72 34
75 34
81 90
81 91
91 59
1 34
27 97
88 99
34 25
34 92
34 55
34 60
34 10
34 59
34 40
34 56
34 86
34 42
34 79
34 85
34 89
34 32
34 73
34 20
66 6
66 99
66 70
14 6
16 99
97 99
99 92
99 70
99 6
99 20
99 49
99 80
