5
56
77
42
96
43
102
0 57
0 1
0 60
0 67
57 4
57 38
57 40
57 47
57 64
57 99
57 60
98 1
98 13
98 74
98 78
98 80
98 92
98 95
60 65
67 26
67 35
67 65
67 97
67 75
67 99
67 71
79 41
32 14
32 94
2 26
26 25
26 51
26 81
26 49
68 6
68 52
18 99
18 75
9 6
86 41
27 52
55 34
55 46
4 41
4 62
4 99
41 31
41 48
41 45
41 59
41 53
41 69
83 6
83 99
62 25
62 37
62 53
62 84
62 95
99 8
99 12
99 65
36 6
95 91
53 6
50 6
50 14
50 25
6 97
6 31
6 49
97 11
31 12
31 92
49 48
87 25
74 14
74 92
12 66
73 14
73 52
8 75
8 72
8 13
8 51
75 48
78 14
82 52
64 25
11 19
11 37
11 14
11 88
19 52
25 15
25 46
25 33
25 91
14 88
84 65
70 92
52 58
