0
93
0 2
2 4
3 5
5 10
7 12
8 10
8 13
9 11
9 14
11 13
12 14
12 17
14 19
15 17
16 18
18 20
19 21
20 22
21 26
22 24
23 25
23 28
24 29
25 27
26 31
27 32
28 33
29 34
30 35
31 36
32 34
32 37
33 35
35 40
36 41
38 40
38 43
39 41
39 44
42 44
42 47
45 47
45 50
46 48
46 51
48 50
48 53
49 54
51 53
51 56
54 56
54 59
55 57
55 60
56 58
57 59
57 62
60 62
60 65
61 66
62 67
63 65
63 68
64 69
66 71
67 69
68 70
70 72
71 76
72 77
73 75
73 78
74 76
74 79
75 80
77 82
78 83
79 81
80 85
82 87
83 85
84 86
84 89
86 88
86 91
87 92
88 90
89 94
90 92
91 93
93 95
94 96
97 99
