0
100
0 4
0 7
0 11
0 16
0 27
0 29
0 32
0 34
0 37
0 38
0 40
0 43
0 48
0 50
0 51
0 52
0 53
0 54
0 58
0 59
0 60
0 62
0 63
0 65
0 67
0 68
0 70
0 71
0 73
0 74
0 78
0 79
0 82
0 87
0 88
0 90
0 94
0 98
0 99
1 99
2 99
3 99
5 99
6 99
8 99
9 99
10 99
12 99
13 99
14 99
15 99
17 99
18 99
19 99
20 99
21 99
22 99
23 99
24 99
25 99
26 99
28 99
30 99
31 99
33 99
35 99
36 99
39 99
41 99
42 99
44 99
45 99
46 99
47 99
49 99
55 99
56 99
57 99
61 99
64 99
66 99
69 99
72 99
75 99
76 99
77 99
80 99
81 99
83 99
84 99
85 99
86 99
88 99
89 99
91 99
92 99
93 99
95 99
96 99
97 99
