5
13
51
4
19
68
104
0 1
0 9
0 10
0 14
0 15
0 17
0 20
0 26
0 27
0 35
0 37
0 43
0 44
0 60
0 64
0 69
0 72
0 73
1 5
1 15
1 18
1 21
1 22
1 26
1 30
1 36
1 40
1 42
1 53
1 55
1 56
1 58
1 59
1 65
1 67
1 72
9 27
9 35
9 39
10 78
14 71
14 79
26 52
27 79
37 7
37 40
37 52
37 79
38 11
43 50
44 32
44 48
53 31
53 47
60 5
60 52
64 52
66 79
69 54
72 12
73 52
5 3
5 7
7 2
7 18
7 34
7 46
7 47
7 54
7 79
22 46
30 57
30 79
52 3
52 16
52 23
52 25
52 29
52 41
52 46
52 47
52 59
52 65
52 78
65 79
11 79
29 8
29 74
63 79
74 70
74 78
28 79
33 79
41 79
47 79
50 8
50 16
54 79
24 79
79 8
79 34
79 62
79 71
79 78
