5
82
2
43
56
36
105
0 4
0 6
0 10
0 15
0 16
0 17
0 19
0 20
0 23
0 28
0 40
0 45
0 46
0 51
0 57
0 65
0 68
0 69
0 71
0 75
0 79
0 84
0 95
4 47
4 97
16 86
16 97
17 47
19 7
23 97
28 47
45 97
47 1
47 27
47 30
47 38
47 57
47 62
47 63
47 65
47 69
47 78
47 88
47 97
51 7
68 48
68 86
69 7
69 97
71 97
79 7
84 7
84 48
95 7
95 86
1 86
18 97
24 97
32 97
42 97
48 9
48 26
48 44
48 59
48 61
48 67
62 97
64 7
66 86
73 86
86 8
86 14
86 25
86 26
86 27
86 31
86 37
86 39
86 72
86 81
86 83
86 87
86 91
5 97
7 26
7 27
7 39
7 60
7 63
7 70
7 81
25 97
49 97
59 97
90 97
97 3
97 9
97 14
97 30
97 38
97 58
97 61
97 76
97 81
97 87
