5
57
38
58
16
44
100
0 59
0 26
0 35
0 22
0 40
59 20
59 52
26 20
26 49
26 51
35 1
35 11
35 19
35 25
35 32
22 4
22 11
22 18
22 50
22 55
22 29
22 52
22 46
22 25
22 41
22 47
25 32
25 29
25 56
40 10
40 17
40 54
1 23
1 43
1 49
23 2
23 5
23 8
23 15
23 54
23 31
17 5
17 13
17 32
17 30
17 21
17 36
43 10
43 13
43 41
43 45
43 56
43 48
49 21
49 28
49 30
33 5
33 13
33 46
2 56
30 10
30 19
30 27
30 37
55 50
56 18
56 29
56 46
3 7
7 8
7 28
34 32
34 52
9 47
52 21
52 28
52 45
5 41
5 47
5 45
41 24
41 32
47 6
47 54
45 6
45 11
45 31
45 36
14 46
18 11
42 21
42 48
8 15
8 51
10 29
10 36
10 20
36 21
32 54
50 53
