2
30
46
94
0 31
0 70
0 15
0 34
0 49
0 52
31 11
70 20
70 22
70 28
70 36
70 59
70 65
70 88
15 41
15 66
34 48
34 47
34 65
2 83
2 5
11 8
63 98
63 69
36 66
59 3
59 98
65 81
7 89
7 64
7 43
7 51
88 37
91 64
91 10
1 92
1 33
1 60
25 12
25 44
33 24
60 90
60 80
60 95
51 83
51 76
12 94
87 41
87 56
87 27
83 54
43 21
21 45
21 56
38 3
54 89
54 50
76 32
3 74
3 75
6 78
40 62
40 68
40 67
4 89
4 18
89 16
17 97
67 39
9 62
9 96
24 82
82 14
82 68
98 93
98 72
56 79
56 73
72 39
72 23
69 27
61 47
27 35
47 55
13 23
13 32
45 77
23 26
32 97
32 26
42 90
26 55
35 71
71 37
