1
51
100
0 18
0 98
0 7
0 40
84 39
84 85
84 38
18 3
18 27
18 42
18 75
1 17
1 19
1 22
1 35
17 12
17 96
19 91
19 57
22 63
2 15
2 90
15 24
90 31
90 71
3 26
3 32
3 34
3 43
4 25
25 52
5 39
5 87
39 92
87 69
64 57
64 99
64 32
64 86
70 53
70 31
70 28
70 83
70 93
8 83
8 44
8 77
8 97
83 82
9 29
78 69
10 34
10 20
10 32
11 65
11 47
11 48
11 72
65 21
12 54
61 21
61 71
13 52
13 67
14 53
24 37
16 35
16 96
58 68
58 99
41 95
41 99
30 31
63 68
63 56
63 71
73 38
23 45
45 74
45 68
40 80
50 54
28 94
28 55
94 77
55 95
59 97
59 60
31 37
33 80
36 99
38 97
38 92
97 46
97 92
92 42
54 49
44 46
85 76
76 79
