5
71
70
90
43
23
101
0 2
0 3
0 4
0 5
0 6
0 7
0 9
0 19
0 24
0 29
0 39
0 49
0 59
0 69
0 74
0 79
2 15
2 37
4 15
4 20
19 72
24 30
29 10
29 20
29 40
29 30
29 42
89 10
89 30
89 40
1 92
8 92
10 44
10 11
12 15
14 15
42 15
42 47
42 72
92 22
92 36
15 32
15 48
15 30
15 46
15 22
15 44
15 52
15 54
15 62
15 82
15 94
21 44
25 44
35 44
35 46
35 96
41 44
41 46
41 96
85 44
91 44
20 47
20 44
30 44
36 11
36 47
34 11
40 46
40 44
40 47
60 44
27 46
38 46
38 47
38 72
38 96
77 46
32 46
32 96
48 11
48 44
48 46
48 47
48 98
45 98
86 11
22 11
22 46
44 46
44 73
44 97
44 98
31 46
81 46
72 46
65 46
46 47
46 73
46 97
46 98
