5
6
12
60
63
85
109
0 3
0 8
0 13
0 17
0 22
0 28
0 30
0 32
0 33
0 37
0 39
0 41
0 43
0 62
0 65
0 67
0 68
0 69
0 76
0 77
0 81
0 83
0 84
0 89
0 99
1 99
2 99
3 99
7 99
8 99
9 99
11 99
13 99
14 99
15 99
17 99
18 99
19 99
21 99
22 99
23 99
25 99
26 99
27 99
28 99
29 99
30 99
31 99
32 99
33 99
34 99
35 99
36 99
37 99
39 99
40 99
41 99
42 99
43 99
44 99
45 99
46 99
48 99
49 72
49 99
50 99
52 99
54 99
55 99
56 99
57 99
58 99
59 99
62 99
64 99
65 99
67 99
68 99
69 99
70 99
71 99
72 93
73 99
75 99
77 99
78 99
81 99
82 99
83 99
84 99
88 99
89 99
91 99
92 99
93 99
94 99
96 99
97 99
98 99
99 4
99 5
99 20
99 38
99 51
99 53
99 61
99 80
99 87
99 95
