5
2
7
16
54
55
109
0 1
0 4
0 11
0 12
0 13
0 15
0 17
0 18
0 28
0 38
0 43
0 45
0 53
0 56
0 57
0 58
0 59
0 63
0 64
0 66
0 67
0 68
0 74
0 75
0 79
0 83
0 84
0 85
0 86
0 87
0 89
0 90
0 91
0 99
1 99
3 99
5 52
5 99
8 99
9 99
10 99
11 99
12 99
13 52
13 99
14 99
15 99
17 99
21 99
26 99
29 99
30 99
31 99
32 99
33 99
34 99
35 99
37 52
40 52
40 99
41 99
42 99
43 99
44 99
45 99
46 99
47 99
49 99
51 52
51 99
52 57
52 58
52 68
52 76
52 78
56 99
57 99
58 99
59 99
60 99
61 99
62 99
63 99
64 99
65 99
66 99
67 99
68 99
69 99
70 99
72 99
74 99
75 99
76 99
78 99
79 99
80 99
81 99
82 99
85 99
87 99
88 99
91 99
92 99
94 99
95 99
96 99
97 99
98 99
