5
53
65
63
28
23
106
0 29
0 31
0 36
0 51
0 55
0 57
0 62
0 70
0 71
0 72
0 74
0 76
0 85
0 88
0 92
0 97
0 99
0 1
0 5
0 18
0 19
0 20
0 34
0 49
0 50
0 58
0 60
0 66
0 75
0 81
0 87
0 90
31 56
36 56
51 99
55 54
55 99
55 88
57 34
57 99
70 56
70 99
71 54
71 99
72 54
74 99
76 54
92 54
92 56
99 6
99 22
99 24
99 38
99 48
99 60
99 66
99 69
99 75
99 90
99 93
99 95
99 20
99 30
99 47
99 58
99 61
99 82
99 98
1 22
1 54
6 54
8 54
22 54
22 41
56 2
56 21
56 24
56 26
56 35
56 44
56 83
56 98
56 59
56 60
56 84
60 54
68 50
77 54
3 54
3 34
25 54
38 54
46 54
75 54
81 54
44 49
54 26
54 37
54 17
54 19
54 50
54 78
54 90
54 91
43 32
34 64
