1
98
90
0 1
0 2
0 7
0 54
1 3
1 6
1 31
1 50
1 53
2 9
3 6
3 8
3 51
4 5
6 5
6 7
6 10
5 12
5 13
5 52
7 8
7 9
7 35
8 11
8 14
8 99
9 13
9 15
9 18
9 16
9 60
9 68
10 11
10 16
11 12
11 16
11 28
11 22
11 58
11 63
12 18
12 59
13 43
14 23
15 24
15 29
15 61
16 20
16 21
16 36
20 76
17 25
17 19
17 21
17 66
17 84
25 18
25 21
25 28
19 27
19 23
21 29
21 31
21 67
21 69
29 24
29 30
28 30
28 38
28 70
28 85
22 27
22 32
22 86
27 37
27 47
23 73
30 79
31 41
31 88
32 34
32 42
34 36
34 44
34 83
36 38
40 41
40 42
40 89
44 46
