5
25
5
48
19
44
102
0 11
0 4
0 73
0 69
0 2
0 45
51 69
4 13
4 8
4 37
73 2
73 12
73 71
73 76
69 79
2 53
2 17
45 20
45 30
45 32
45 58
45 75
45 47
1 29
1 64
29 10
29 58
29 79
64 18
64 65
65 12
65 24
65 27
65 40
53 63
17 8
17 42
17 22
3 52
3 20
3 7
52 60
9 18
20 22
7 68
7 58
18 10
18 35
13 32
8 42
37 16
37 22
37 23
37 30
37 68
66 56
42 43
42 54
32 77
32 63
47 79
47 62
6 75
6 30
6 60
75 43
10 61
10 22
10 71
30 56
60 12
60 67
60 77
59 16
59 21
59 43
59 58
59 63
59 67
59 77
58 21
58 62
58 63
34 36
34 74
67 16
67 22
67 26
67 62
16 43
16 27
61 43
55 43
55 79
12 28
12 46
31 21
43 35
57 63
21 79
79 62
62 41
