5
6
37
76
79
85
110
0 1
0 2
0 3
0 5
0 10
0 11
0 12
0 13
0 14
0 15
0 16
0 17
0 18
0 19
0 20
0 21
0 23
0 24
0 26
0 27
0 28
0 29
0 30
0 31
0 32
0 33
0 34
0 38
0 39
0 41
0 42
0 43
0 44
0 45
0 46
0 47
0 48
0 49
0 50
0 51
0 52
0 54
0 56
0 58
0 59
0 60
0 61
0 62
0 63
0 64
0 65
0 66
0 67
0 68
0 70
0 71
0 72
0 73
0 74
0 75
0 77
0 78
0 80
0 81
0 82
0 83
0 84
0 86
0 87
0 88
0 89
0 91
7 91
9 91
12 91
13 91
14 91
18 91
19 91
25 91
27 91
28 91
29 91
34 91
35 91
36 91
40 91
42 91
43 91
44 91
46 91
47 91
48 91
52 91
56 91
60 91
61 91
63 91
66 91
70 91
74 91
77 91
80 91
82 91
83 91
84 91
87 91
88 91
89 91
90 91
