5
1
3
14
18
48
110
0 2
0 4
0 5
0 6
0 7
0 8
0 9
0 10
0 11
0 12
0 13
0 16
0 17
0 19
0 20
0 21
0 22
0 23
0 24
0 25
0 26
0 27
0 28
0 29
0 30
0 31
0 32
0 33
0 34
0 35
0 36
0 37
0 38
0 39
0 40
0 41
0 42
0 43
0 44
0 45
0 46
0 47
0 49
2 49
4 15
4 49
5 15
6 49
6 15
6 35
7 15
7 49
8 15
8 49
9 15
9 49
10 15
10 49
11 49
12 15
12 23
12 49
13 49
15 24
15 27
15 31
15 32
15 33
15 34
15 35
15 36
15 40
15 44
15 49
16 49
17 32
17 49
19 49
20 49
21 49
22 49
23 49
24 49
25 49
26 49
27 49
28 49
29 49
30 35
30 49
31 49
32 49
33 49
34 49
35 45
36 49
37 49
38 49
39 49
40 49
41 49
42 49
43 49
44 49
45 49
46 49
47 49
50 51
50 53
54 55
