5
5
22
50
29
33
110
0 41
0 24
0 27
0 49
0 13
0 42
0 3
0 6
0 7
0 8
0 10
0 11
0 12
0 16
0 19
0 20
0 23
0 28
0 30
0 31
0 32
0 35
0 37
0 38
0 40
0 44
0 45
0 46
41 47
24 13
24 47
49 28
49 51
49 47
49 13
13 1
13 2
13 3
13 4
13 10
13 12
13 21
13 8
13 23
13 25
13 26
13 34
13 44
13 15
13 36
13 20
13 17
13 31
13 11
13 45
13 35
13 40
13 30
13 16
13 18
13 19
13 39
13 42
13 46
42 28
42 51
42 47
2 28
1 51
6 47
18 51
18 47
7 47
7 51
40 51
9 51
23 47
51 10
51 16
51 20
51 21
51 25
51 28
51 31
51 35
51 38
51 39
51 44
51 3
51 32
36 47
45 28
28 8
28 17
28 43
28 4
48 47
3 47
20 47
16 47
17 47
34 47
8 47
32 47
15 47
31 47
19 47
47 10
47 12
47 21
