0
99
0 2
0 21
0 25
0 27
0 35
0 45
0 48
0 55
0 61
0 62
0 65
0 72
0 89
0 99
1 99
2 99
3 99
4 99
5 99
7 99
10 99
12 99
13 99
14 99
15 99
16 99
17 99
18 99
21 99
23 68
28 99
30 99
33 99
35 99
36 99
37 99
38 99
40 31
40 99
41 67
41 99
43 99
45 99
46 99
47 99
48 99
49 99
53 99
54 51
54 99
55 99
56 99
57 99
59 99
61 99
62 99
63 99
65 99
67 99
68 91
68 99
69 99
71 99
72 99
73 99
74 99
76 99
78 99
79 75
79 99
80 99
81 99
82 99
83 99
84 99
87 99
88 99
89 99
90 99
91 99
92 20
92 99
94 95
94 99
99 6
99 8
99 9
99 20
99 29
99 31
99 32
99 39
99 42
99 44
99 58
99 64
99 75
99 96
51 58
