5
9
32
73
78
95
110
0 2
0 3
0 5
0 7
0 8
0 10
0 11
0 13
0 19
0 20
0 23
0 25
0 26
0 27
0 29
0 31
0 34
0 35
0 36
0 37
0 38
0 42
0 48
0 49
0 51
0 52
0 54
0 56
0 58
0 59
0 63
0 65
0 68
0 75
0 81
0 84
0 88
0 93
0 97
0 98
0 99
1 99
2 99
4 99
5 99
6 99
7 99
10 99
11 99
12 99
13 99
14 99
15 99
16 99
18 99
19 99
21 99
22 99
23 99
24 99
27 99
28 99
29 99
34 99
35 99
37 99
38 99
39 99
41 99
42 99
43 99
44 99
45 99
46 99
47 99
48 99
49 99
50 99
51 99
52 99
53 99
54 99
55 99
56 99
58 99
59 99
62 99
65 99
66 99
67 99
68 99
69 99
71 99
72 99
76 99
77 99
79 99
80 99
82 99
83 99
85 99
86 99
87 99
88 99
90 99
91 99
92 99
93 99
94 99
96 99
