0
99
0 58
42 94
42 54
58 25
58 44
58 69
58 65
1 74
1 54
1 45
74 41
54 96
54 90
2 68
2 50
2 91
68 16
68 98
31 84
31 94
6 12
46 17
46 34
46 23
4 39
4 70
89 81
89 86
89 53
39 36
39 61
5 93
25 28
25 27
12 59
12 24
12 57
7 69
7 82
69 26
69 60
79 52
8 49
49 19
49 20
49 63
49 70
49 97
97 76
88 77
88 45
10 27
10 73
10 99
59 99
59 67
27 48
11 64
18 29
18 77
13 48
13 40
13 33
48 41
40 30
40 33
71 30
35 28
35 37
15 98
84 28
84 64
16 92
16 32
17 52
17 30
52 20
29 99
20 55
22 64
22 37
37 94
23 62
23 66
23 95
43 38
65 78
24 55
26 72
26 75
99 57
99 85
30 75
34 61
34 78
78 90
41 56
73 96
47 56
