5
21
23
94
16
59
100
0 6
0 7
0 9
0 10
0 12
0 13
0 14
0 15
0 17
0 18
0 20
0 22
0 24
0 25
0 26
0 28
0 31
0 41
0 45
0 46
0 62
0 63
0 65
0 66
0 67
0 69
0 70
0 72
0 83
0 98
6 3
6 14
6 24
6 32
6 45
6 58
6 96
7 3
7 14
9 32
10 3
12 14
12 29
13 45
14 4
14 5
14 17
14 25
14 26
14 37
15 3
15 45
17 3
17 82
17 99
18 3
18 32
20 3
22 3
22 8
22 32
22 45
22 58
22 86
24 4
24 8
24 33
24 58
24 87
25 29
26 3
26 64
28 3
28 29
29 3
45 5
72 3
1 58
1 86
27 3
50 96
57 86
71 96
80 82
82 3
86 19
8 3
8 64
8 99
3 30
3 47
3 51
3 53
3 64
3 81
3 91
3 99
64 5
64 77
96 77
