3
9
41
65
103
0 1
0 4
0 5
0 7
0 12
0 16
0 18
0 19
0 24
0 25
0 26
0 30
0 31
0 35
0 42
0 46
0 50
0 51
0 56
0 58
0 59
0 66
0 68
0 70
1 79
2 16
2 25
2 30
2 35
2 43
2 45
2 48
2 56
2 57
2 62
2 72
2 77
2 78
2 79
4 32
5 79
7 12
12 3
12 16
12 27
12 28
12 29
12 32
12 36
12 38
12 44
12 45
12 50
12 54
12 55
12 57
12 66
12 69
12 71
16 3
16 11
16 13
16 19
16 22
16 36
16 38
16 43
16 44
16 47
16 49
16 51
16 57
16 60
16 71
16 73
16 74
16 76
24 79
26 79
31 79
35 43
42 61
46 79
58 8
58 79
29 79
57 79
77 79
79 8
79 15
79 17
79 36
79 43
79 44
79 49
79 64
79 69
79 71
79 73
79 78
48 27
64 14
64 20
